Unknown attribute "D" in /robot[@name='panda']/joint[@name='panda_joint1']/dynamics
Unknown attribute "K" in /robot[@name='panda']/joint[@name='panda_joint1']/dynamics
Unknown attribute "mu_coulomb" in /robot[@name='panda']/joint[@name='panda_joint1']/dynamics
Unknown attribute "mu_viscous" in /robot[@name='panda']/joint[@name='panda_joint1']/dynamics
Unknown attribute "D" in /robot[@name='panda']/joint[@name='panda_joint2']/dynamics
Unknown attribute "K" in /robot[@name='panda']/joint[@name='panda_joint2']/dynamics
Unknown attribute "mu_coulomb" in /robot[@name='panda']/joint[@name='panda_joint2']/dynamics
Unknown attribute "mu_viscous" in /robot[@name='panda']/joint[@name='panda_joint2']/dynamics
Unknown attribute "D" in /robot[@name='panda']/joint[@name='panda_joint3']/dynamics
Unknown attribute "K" in /robot[@name='panda']/joint[@name='panda_joint3']/dynamics
Unknown attribute "mu_coulomb" in /robot[@name='panda']/joint[@name='panda_joint3']/dynamics
Unknown attribute "mu_viscous" in /robot[@name='panda']/joint[@name='panda_joint3']/dynamics
Unknown attribute "D" in /robot[@name='panda']/joint[@name='panda_joint4']/dynamics
Unknown attribute "K" in /robot[@name='panda']/joint[@name='panda_joint4']/dynamics
Unknown attribute "mu_coulomb" in /robot[@name='panda']/joint[@name='panda_joint4']/dynamics
Unknown attribute "mu_viscous" in /robot[@name='panda']/joint[@name='panda_joint4']/dynamics
Unknown attribute "D" in /robot[@name='panda']/joint[@name='panda_joint5']/dynamics
Unknown attribute "K" in /robot[@name='panda']/joint[@name='panda_joint5']/dynamics
Unknown attribute "mu_coulomb" in /robot[@name='panda']/joint[@name='panda_joint5']/dynamics
Unknown attribute "mu_viscous" in /robot[@name='panda']/joint[@name='panda_joint5']/dynamics
Unknown attribute "D" in /robot[@name='panda']/joint[@name='panda_joint6']/dynamics
Unknown attribute "K" in /robot[@name='panda']/joint[@name='panda_joint6']/dynamics
Unknown attribute "mu_coulomb" in /robot[@name='panda']/joint[@name='panda_joint6']/dynamics
Unknown attribute "mu_viscous" in /robot[@name='panda']/joint[@name='panda_joint6']/dynamics
Unknown attribute "D" in /robot[@name='panda']/joint[@name='panda_joint7']/dynamics
Unknown attribute "K" in /robot[@name='panda']/joint[@name='panda_joint7']/dynamics
Unknown attribute "mu_coulomb" in /robot[@name='panda']/joint[@name='panda_joint7']/dynamics
Unknown attribute "mu_viscous" in /robot[@name='panda']/joint[@name='panda_joint7']/dynamics
========================================================================
P1.05.8 AS-hetero smoke — one cell, full 100k training frames
========================================================================

Prereg: prereg-stage1-AS-2026-05-15; sha=29e397a4a012813c...
Hetero condition: stage1_pickplace_panda_plus_fetch_ego_aht_happo_per_agent
Homo  condition: stage1_pickplace_panda_only_mappo_shared_param (SKIPPED — single-cell smoke)

Cfg total_frames=100000; hidden_dim=64
Cfg rollout_length=1024; batch_size=256
Cfg device=cuda; deterministic_torch=False

Env built; observation_space['agent']['panda_wristcam']['state'].shape=(65,)
           observation_space['agent']['fetch']['state'].shape=(30,)

Training (100k frames; expect ~30-50 min on RTX 2080)...
Unknown attribute "D" in /robot[@name='panda']/joint[@name='panda_joint1']/dynamics
Unknown attribute "K" in /robot[@name='panda']/joint[@name='panda_joint1']/dynamics
Unknown attribute "mu_coulomb" in /robot[@name='panda']/joint[@name='panda_joint1']/dynamics
Unknown attribute "mu_viscous" in /robot[@name='panda']/joint[@name='panda_joint1']/dynamics
Unknown attribute "D" in /robot[@name='panda']/joint[@name='panda_joint2']/dynamics
Unknown attribute "K" in /robot[@name='panda']/joint[@name='panda_joint2']/dynamics
Unknown attribute "mu_coulomb" in /robot[@name='panda']/joint[@name='panda_joint2']/dynamics
Unknown attribute "mu_viscous" in /robot[@name='panda']/joint[@name='panda_joint2']/dynamics
Unknown attribute "D" in /robot[@name='panda']/joint[@name='panda_joint3']/dynamics
Unknown attribute "K" in /robot[@name='panda']/joint[@name='panda_joint3']/dynamics
Unknown attribute "mu_coulomb" in /robot[@name='panda']/joint[@name='panda_joint3']/dynamics
Unknown attribute "mu_viscous" in /robot[@name='panda']/joint[@name='panda_joint3']/dynamics
Unknown attribute "D" in /robot[@name='panda']/joint[@name='panda_joint4']/dynamics
Unknown attribute "K" in /robot[@name='panda']/joint[@name='panda_joint4']/dynamics
Unknown attribute "mu_coulomb" in /robot[@name='panda']/joint[@name='panda_joint4']/dynamics
Unknown attribute "mu_viscous" in /robot[@name='panda']/joint[@name='panda_joint4']/dynamics
Unknown attribute "D" in /robot[@name='panda']/joint[@name='panda_joint5']/dynamics
Unknown attribute "K" in /robot[@name='panda']/joint[@name='panda_joint5']/dynamics
Unknown attribute "mu_coulomb" in /robot[@name='panda']/joint[@name='panda_joint5']/dynamics
Unknown attribute "mu_viscous" in /robot[@name='panda']/joint[@name='panda_joint5']/dynamics
Unknown attribute "D" in /robot[@name='panda']/joint[@name='panda_joint6']/dynamics
Unknown attribute "K" in /robot[@name='panda']/joint[@name='panda_joint6']/dynamics
Unknown attribute "mu_coulomb" in /robot[@name='panda']/joint[@name='panda_joint6']/dynamics
Unknown attribute "mu_viscous" in /robot[@name='panda']/joint[@name='panda_joint6']/dynamics
Unknown attribute "D" in /robot[@name='panda']/joint[@name='panda_joint7']/dynamics
Unknown attribute "K" in /robot[@name='panda']/joint[@name='panda_joint7']/dynamics
Unknown attribute "mu_coulomb" in /robot[@name='panda']/joint[@name='panda_joint7']/dynamics
Unknown attribute "mu_viscous" in /robot[@name='panda']/joint[@name='panda_joint7']/dynamics
{"checkpoint_every": 10000, "event": "training_start", "git_sha": "f7b34979eb9afce44ceca146b800dc9a2acc696e", "level": "info", "partner_class": "scripted_heuristic", "pyproject_hash": "dc5fe28f424967492706d2b9004c172600330975c74dda3091f0730e2bef83fc", "run_id": "7b033577fce7de7b", "run_kind": "ego_aht_happo", "seed": 0, "task": "stage1_pickplace", "total_frames": 100000}
{"event": "safety_telemetry", "git_sha": "f7b34979eb9afce44ceca146b800dc9a2acc696e", "lambda_max": 0.0, "lambda_mean": -0.26793872070312513, "lambda_min": -0.5239999999999977, "lambda_var": 0.022001970671117255, "level": "info", "n_braking_fires": 0, "n_fallback_fires": 0, "n_obs": 1024, "n_qp_infeasible": 0, "partner_class": "scripted_heuristic", "pyproject_hash": "dc5fe28f424967492706d2b9004c172600330975c74dda3091f0730e2bef83fc", "run_id": "7b033577fce7de7b", "run_kind": "ego_aht_happo", "seed": 0, "step": 1024, "task": "stage1_pickplace"}
{"event": "rollout_update", "git_sha": "f7b34979eb9afce44ceca146b800dc9a2acc696e", "last_reward": "tensor([3.8218e-05])", "level": "info", "partner_class": "scripted_heuristic", "pyproject_hash": "dc5fe28f424967492706d2b9004c172600330975c74dda3091f0730e2bef83fc", "run_id": "7b033577fce7de7b", "run_kind": "ego_aht_happo", "seed": 0, "step": 1024, "task": "stage1_pickplace"}
{"event": "safety_telemetry", "git_sha": "f7b34979eb9afce44ceca146b800dc9a2acc696e", "lambda_max": -0.5244999999999976, "lambda_mean": -0.7802499999999697, "lambda_min": -1.0359999999999414, "lambda_var": 0.02184531249999433, "level": "info", "n_braking_fires": 0, "n_fallback_fires": 0, "n_obs": 1024, "n_qp_infeasible": 0, "partner_class": "scripted_heuristic", "pyproject_hash": "dc5fe28f424967492706d2b9004c172600330975c74dda3091f0730e2bef83fc", "run_id": "7b033577fce7de7b", "run_kind": "ego_aht_happo", "seed": 0, "step": 2048, "task": "stage1_pickplace"}
{"event": "rollout_update", "git_sha": "f7b34979eb9afce44ceca146b800dc9a2acc696e", "last_reward": "tensor([2.0206e-05])", "level": "info", "partner_class": "scripted_heuristic", "pyproject_hash": "dc5fe28f424967492706d2b9004c172600330975c74dda3091f0730e2bef83fc", "run_id": "7b033577fce7de7b", "run_kind": "ego_aht_happo", "seed": 0, "step": 2048, "task": "stage1_pickplace"}
{"event": "safety_telemetry", "git_sha": "f7b34979eb9afce44ceca146b800dc9a2acc696e", "lambda_max": -1.0364999999999414, "lambda_mean": -1.2922499999999129, "lambda_min": -1.547999999999885, "lambda_var": 0.02184531249999866, "level": "info", "n_braking_fires": 0, "n_fallback_fires": 0, "n_obs": 1024, "n_qp_infeasible": 0, "partner_class": "scripted_heuristic", "pyproject_hash": "dc5fe28f424967492706d2b9004c172600330975c74dda3091f0730e2bef83fc", "run_id": "7b033577fce7de7b", "run_kind": "ego_aht_happo", "seed": 0, "step": 3072, "task": "stage1_pickplace"}
{"event": "rollout_update", "git_sha": "f7b34979eb9afce44ceca146b800dc9a2acc696e", "last_reward": "tensor([8.0228e-06])", "level": "info", "partner_class": "scripted_heuristic", "pyproject_hash": "dc5fe28f424967492706d2b9004c172600330975c74dda3091f0730e2bef83fc", "run_id": "7b033577fce7de7b", "run_kind": "ego_aht_happo", "seed": 0, "step": 3072, "task": "stage1_pickplace"}
{"event": "safety_telemetry", "git_sha": "f7b34979eb9afce44ceca146b800dc9a2acc696e", "lambda_max": -1.548499999999885, "lambda_mean": -1.8042499999998587, "lambda_min": -2.0599999999998553, "lambda_var": 0.02184531249999644, "level": "info", "n_braking_fires": 0, "n_fallback_fires": 0, "n_obs": 1024, "n_qp_infeasible": 0, "partner_class": "scripted_heuristic", "pyproject_hash": "dc5fe28f424967492706d2b9004c172600330975c74dda3091f0730e2bef83fc", "run_id": "7b033577fce7de7b", "run_kind": "ego_aht_happo", "seed": 0, "step": 4096, "task": "stage1_pickplace"}
{"event": "rollout_update", "git_sha": "f7b34979eb9afce44ceca146b800dc9a2acc696e", "last_reward": "tensor([2.2531e-06])", "level": "info", "partner_class": "scripted_heuristic", "pyproject_hash": "dc5fe28f424967492706d2b9004c172600330975c74dda3091f0730e2bef83fc", "run_id": "7b033577fce7de7b", "run_kind": "ego_aht_happo", "seed": 0, "step": 4096, "task": "stage1_pickplace"}
{"event": "safety_telemetry", "git_sha": "f7b34979eb9afce44ceca146b800dc9a2acc696e", "lambda_max": -2.0604999999998554, "lambda_mean": -2.3162499999999406, "lambda_min": -2.5720000000000263, "lambda_var": 0.02184531250001065, "level": "info", "n_braking_fires": 0, "n_fallback_fires": 0, "n_obs": 1024, "n_qp_infeasible": 0, "partner_class": "scripted_heuristic", "pyproject_hash": "dc5fe28f424967492706d2b9004c172600330975c74dda3091f0730e2bef83fc", "run_id": "7b033577fce7de7b", "run_kind": "ego_aht_happo", "seed": 0, "step": 5120, "task": "stage1_pickplace"}
{"event": "rollout_update", "git_sha": "f7b34979eb9afce44ceca146b800dc9a2acc696e", "last_reward": "tensor([2.4199e-06])", "level": "info", "partner_class": "scripted_heuristic", "pyproject_hash": "dc5fe28f424967492706d2b9004c172600330975c74dda3091f0730e2bef83fc", "run_id": "7b033577fce7de7b", "run_kind": "ego_aht_happo", "seed": 0, "step": 5120, "task": "stage1_pickplace"}
{"event": "safety_telemetry", "git_sha": "f7b34979eb9afce44ceca146b800dc9a2acc696e", "lambda_max": -2.5725000000000264, "lambda_mean": -2.828250000000111, "lambda_min": -3.0840000000001973, "lambda_var": 0.021845312500014202, "level": "info", "n_braking_fires": 0, "n_fallback_fires": 0, "n_obs": 1024, "n_qp_infeasible": 0, "partner_class": "scripted_heuristic", "pyproject_hash": "dc5fe28f424967492706d2b9004c172600330975c74dda3091f0730e2bef83fc", "run_id": "7b033577fce7de7b", "run_kind": "ego_aht_happo", "seed": 0, "step": 6144, "task": "stage1_pickplace"}
{"event": "rollout_update", "git_sha": "f7b34979eb9afce44ceca146b800dc9a2acc696e", "last_reward": "tensor([7.5102e-07])", "level": "info", "partner_class": "scripted_heuristic", "pyproject_hash": "dc5fe28f424967492706d2b9004c172600330975c74dda3091f0730e2bef83fc", "run_id": "7b033577fce7de7b", "run_kind": "ego_aht_happo", "seed": 0, "step": 6144, "task": "stage1_pickplace"}
{"event": "safety_telemetry", "git_sha": "f7b34979eb9afce44ceca146b800dc9a2acc696e", "lambda_max": -3.0845000000001974, "lambda_mean": -3.3402500000002826, "lambda_min": -3.5960000000003682, "lambda_var": 0.021845312499998215, "level": "info", "n_braking_fires": 0, "n_fallback_fires": 0, "n_obs": 1024, "n_qp_infeasible": 0, "partner_class": "scripted_heuristic", "pyproject_hash": "dc5fe28f424967492706d2b9004c172600330975c74dda3091f0730e2bef83fc", "run_id": "7b033577fce7de7b", "run_kind": "ego_aht_happo", "seed": 0, "step": 7168, "task": "stage1_pickplace"}
{"event": "rollout_update", "git_sha": "f7b34979eb9afce44ceca146b800dc9a2acc696e", "last_reward": "tensor([3.2187e-07])", "level": "info", "partner_class": "scripted_heuristic", "pyproject_hash": "dc5fe28f424967492706d2b9004c172600330975c74dda3091f0730e2bef83fc", "run_id": "7b033577fce7de7b", "run_kind": "ego_aht_happo", "seed": 0, "step": 7168, "task": "stage1_pickplace"}
{"event": "safety_telemetry", "git_sha": "f7b34979eb9afce44ceca146b800dc9a2acc696e", "lambda_max": -3.5965000000003684, "lambda_mean": -3.8522500000004443, "lambda_min": -4.108000000000443, "lambda_var": 0.021845312500007097, "level": "info", "n_braking_fires": 0, "n_fallback_fires": 0, "n_obs": 1024, "n_qp_infeasible": 0, "partner_class": "scripted_heuristic", "pyproject_hash": "dc5fe28f424967492706d2b9004c172600330975c74dda3091f0730e2bef83fc", "run_id": "7b033577fce7de7b", "run_kind": "ego_aht_happo", "seed": 0, "step": 8192, "task": "stage1_pickplace"}
{"event": "rollout_update", "git_sha": "f7b34979eb9afce44ceca146b800dc9a2acc696e", "last_reward": "tensor([5.0902e-06])", "level": "info", "partner_class": "scripted_heuristic", "pyproject_hash": "dc5fe28f424967492706d2b9004c172600330975c74dda3091f0730e2bef83fc", "run_id": "7b033577fce7de7b", "run_kind": "ego_aht_happo", "seed": 0, "step": 8192, "task": "stage1_pickplace"}
{"event": "safety_telemetry", "git_sha": "f7b34979eb9afce44ceca146b800dc9a2acc696e", "lambda_max": -4.108500000000443, "lambda_mean": -4.3642500000002995, "lambda_min": -4.620000000000159, "lambda_var": 0.021845312499987557, "level": "info", "n_braking_fires": 0, "n_fallback_fires": 0, "n_obs": 1024, "n_qp_infeasible": 0, "partner_class": "scripted_heuristic", "pyproject_hash": "dc5fe28f424967492706d2b9004c172600330975c74dda3091f0730e2bef83fc", "run_id": "7b033577fce7de7b", "run_kind": "ego_aht_happo", "seed": 0, "step": 9216, "task": "stage1_pickplace"}
{"event": "rollout_update", "git_sha": "f7b34979eb9afce44ceca146b800dc9a2acc696e", "last_reward": "tensor([1.0324e-05])", "level": "info", "partner_class": "scripted_heuristic", "pyproject_hash": "dc5fe28f424967492706d2b9004c172600330975c74dda3091f0730e2bef83fc", "run_id": "7b033577fce7de7b", "run_kind": "ego_aht_happo", "seed": 0, "step": 9216, "task": "stage1_pickplace"}
{"event": "checkpoint_saved", "git_sha": "f7b34979eb9afce44ceca146b800dc9a2acc696e", "level": "info", "partner_class": "scripted_heuristic", "path": "artifacts/artifacts/7b033577fce7de7b_step10000.pt", "pyproject_hash": "dc5fe28f424967492706d2b9004c172600330975c74dda3091f0730e2bef83fc", "run_id": "7b033577fce7de7b", "run_kind": "ego_aht_happo", "seed": 0, "step": 10000, "task": "stage1_pickplace"}
{"event": "safety_telemetry", "git_sha": "f7b34979eb9afce44ceca146b800dc9a2acc696e", "lambda_max": -4.620500000000159, "lambda_mean": -4.8762500000000175, "lambda_min": -5.131999999999875, "lambda_var": 0.021845312499969793, "level": "info", "n_braking_fires": 0, "n_fallback_fires": 0, "n_obs": 1024, "n_qp_infeasible": 0, "partner_class": "scripted_heuristic", "pyproject_hash": "dc5fe28f424967492706d2b9004c172600330975c74dda3091f0730e2bef83fc", "run_id": "7b033577fce7de7b", "run_kind": "ego_aht_happo", "seed": 0, "step": 10240, "task": "stage1_pickplace"}
{"event": "rollout_update", "git_sha": "f7b34979eb9afce44ceca146b800dc9a2acc696e", "last_reward": "tensor([6.1440e-05])", "level": "info", "partner_class": "scripted_heuristic", "pyproject_hash": "dc5fe28f424967492706d2b9004c172600330975c74dda3091f0730e2bef83fc", "run_id": "7b033577fce7de7b", "run_kind": "ego_aht_happo", "seed": 0, "step": 10240, "task": "stage1_pickplace"}
{"event": "safety_telemetry", "git_sha": "f7b34979eb9afce44ceca146b800dc9a2acc696e", "lambda_max": -5.132499999999875, "lambda_mean": -5.388249999999733, "lambda_min": -5.643999999999592, "lambda_var": 0.02184531249996624, "level": "info", "n_braking_fires": 0, "n_fallback_fires": 0, "n_obs": 1024, "n_qp_infeasible": 0, "partner_class": "scripted_heuristic", "pyproject_hash": "dc5fe28f424967492706d2b9004c172600330975c74dda3091f0730e2bef83fc", "run_id": "7b033577fce7de7b", "run_kind": "ego_aht_happo", "seed": 0, "step": 11264, "task": "stage1_pickplace"}
{"event": "rollout_update", "git_sha": "f7b34979eb9afce44ceca146b800dc9a2acc696e", "last_reward": "tensor([9.1231e-05])", "level": "info", "partner_class": "scripted_heuristic", "pyproject_hash": "dc5fe28f424967492706d2b9004c172600330975c74dda3091f0730e2bef83fc", "run_id": "7b033577fce7de7b", "run_kind": "ego_aht_happo", "seed": 0, "step": 11264, "task": "stage1_pickplace"}
{"event": "safety_telemetry", "git_sha": "f7b34979eb9afce44ceca146b800dc9a2acc696e", "lambda_max": -5.644499999999591, "lambda_mean": -5.90024999999945, "lambda_min": -6.155999999999308, "lambda_var": 0.021845312499969793, "level": "info", "n_braking_fires": 0, "n_fallback_fires": 0, "n_obs": 1024, "n_qp_infeasible": 0, "partner_class": "scripted_heuristic", "pyproject_hash": "dc5fe28f424967492706d2b9004c172600330975c74dda3091f0730e2bef83fc", "run_id": "7b033577fce7de7b", "run_kind": "ego_aht_happo", "seed": 0, "step": 12288, "task": "stage1_pickplace"}
{"event": "rollout_update", "git_sha": "f7b34979eb9afce44ceca146b800dc9a2acc696e", "last_reward": "tensor([5.4038e-05])", "level": "info", "partner_class": "scripted_heuristic", "pyproject_hash": "dc5fe28f424967492706d2b9004c172600330975c74dda3091f0730e2bef83fc", "run_id": "7b033577fce7de7b", "run_kind": "ego_aht_happo", "seed": 0, "step": 12288, "task": "stage1_pickplace"}
{"event": "safety_telemetry", "git_sha": "f7b34979eb9afce44ceca146b800dc9a2acc696e", "lambda_max": -6.1564999999993075, "lambda_mean": -6.4122499999991645, "lambda_min": -6.667999999999024, "lambda_var": 0.021845312500047953, "level": "info", "n_braking_fires": 0, "n_fallback_fires": 0, "n_obs": 1024, "n_qp_infeasible": 0, "partner_class": "scripted_heuristic", "pyproject_hash": "dc5fe28f424967492706d2b9004c172600330975c74dda3091f0730e2bef83fc", "run_id": "7b033577fce7de7b", "run_kind": "ego_aht_happo", "seed": 0, "step": 13312, "task": "stage1_pickplace"}
{"event": "rollout_update", "git_sha": "f7b34979eb9afce44ceca146b800dc9a2acc696e", "last_reward": "tensor([4.4203e-05])", "level": "info", "partner_class": "scripted_heuristic", "pyproject_hash": "dc5fe28f424967492706d2b9004c172600330975c74dda3091f0730e2bef83fc", "run_id": "7b033577fce7de7b", "run_kind": "ego_aht_happo", "seed": 0, "step": 13312, "task": "stage1_pickplace"}
{"event": "safety_telemetry", "git_sha": "f7b34979eb9afce44ceca146b800dc9a2acc696e", "lambda_max": -6.668499999999024, "lambda_mean": -6.892521484374308, "lambda_min": -7.0, "lambda_var": 0.012219033718167793, "level": "info", "n_braking_fires": 0, "n_fallback_fires": 0, "n_obs": 1024, "n_qp_infeasible": 0, "partner_class": "scripted_heuristic", "pyproject_hash": "dc5fe28f424967492706d2b9004c172600330975c74dda3091f0730e2bef83fc", "run_id": "7b033577fce7de7b", "run_kind": "ego_aht_happo", "seed": 0, "step": 14336, "task": "stage1_pickplace"}
{"event": "rollout_update", "git_sha": "f7b34979eb9afce44ceca146b800dc9a2acc696e", "last_reward": "tensor([1.3757e-05])", "level": "info", "partner_class": "scripted_heuristic", "pyproject_hash": "dc5fe28f424967492706d2b9004c172600330975c74dda3091f0730e2bef83fc", "run_id": "7b033577fce7de7b", "run_kind": "ego_aht_happo", "seed": 0, "step": 14336, "task": "stage1_pickplace"}
{"event": "safety_telemetry", "git_sha": "f7b34979eb9afce44ceca146b800dc9a2acc696e", "lambda_max": -7.0, "lambda_mean": -7.0, "lambda_min": -7.0, "lambda_var": 0.0, "level": "info", "n_braking_fires": 0, "n_fallback_fires": 0, "n_obs": 1024, "n_qp_infeasible": 0, "partner_class": "scripted_heuristic", "pyproject_hash": "dc5fe28f424967492706d2b9004c172600330975c74dda3091f0730e2bef83fc", "run_id": "7b033577fce7de7b", "run_kind": "ego_aht_happo", "seed": 0, "step": 15360, "task": "stage1_pickplace"}
{"event": "rollout_update", "git_sha": "f7b34979eb9afce44ceca146b800dc9a2acc696e", "last_reward": "tensor([1.2755e-06])", "level": "info", "partner_class": "scripted_heuristic", "pyproject_hash": "dc5fe28f424967492706d2b9004c172600330975c74dda3091f0730e2bef83fc", "run_id": "7b033577fce7de7b", "run_kind": "ego_aht_happo", "seed": 0, "step": 15360, "task": "stage1_pickplace"}
{"event": "safety_telemetry", "git_sha": "f7b34979eb9afce44ceca146b800dc9a2acc696e", "lambda_max": -7.0, "lambda_mean": -7.0, "lambda_min": -7.0, "lambda_var": 0.0, "level": "info", "n_braking_fires": 0, "n_fallback_fires": 0, "n_obs": 1024, "n_qp_infeasible": 0, "partner_class": "scripted_heuristic", "pyproject_hash": "dc5fe28f424967492706d2b9004c172600330975c74dda3091f0730e2bef83fc", "run_id": "7b033577fce7de7b", "run_kind": "ego_aht_happo", "seed": 0, "step": 16384, "task": "stage1_pickplace"}
{"event": "rollout_update", "git_sha": "f7b34979eb9afce44ceca146b800dc9a2acc696e", "last_reward": "tensor([8.9407e-07])", "level": "info", "partner_class": "scripted_heuristic", "pyproject_hash": "dc5fe28f424967492706d2b9004c172600330975c74dda3091f0730e2bef83fc", "run_id": "7b033577fce7de7b", "run_kind": "ego_aht_happo", "seed": 0, "step": 16384, "task": "stage1_pickplace"}
{"event": "safety_telemetry", "git_sha": "f7b34979eb9afce44ceca146b800dc9a2acc696e", "lambda_max": -7.0, "lambda_mean": -7.0, "lambda_min": -7.0, "lambda_var": 0.0, "level": "info", "n_braking_fires": 0, "n_fallback_fires": 0, "n_obs": 1024, "n_qp_infeasible": 0, "partner_class": "scripted_heuristic", "pyproject_hash": "dc5fe28f424967492706d2b9004c172600330975c74dda3091f0730e2bef83fc", "run_id": "7b033577fce7de7b", "run_kind": "ego_aht_happo", "seed": 0, "step": 17408, "task": "stage1_pickplace"}
{"event": "rollout_update", "git_sha": "f7b34979eb9afce44ceca146b800dc9a2acc696e", "last_reward": "tensor([7.2718e-07])", "level": "info", "partner_class": "scripted_heuristic", "pyproject_hash": "dc5fe28f424967492706d2b9004c172600330975c74dda3091f0730e2bef83fc", "run_id": "7b033577fce7de7b", "run_kind": "ego_aht_happo", "seed": 0, "step": 17408, "task": "stage1_pickplace"}
{"event": "safety_telemetry", "git_sha": "f7b34979eb9afce44ceca146b800dc9a2acc696e", "lambda_max": -7.0, "lambda_mean": -7.0, "lambda_min": -7.0, "lambda_var": 0.0, "level": "info", "n_braking_fires": 0, "n_fallback_fires": 0, "n_obs": 1024, "n_qp_infeasible": 0, "partner_class": "scripted_heuristic", "pyproject_hash": "dc5fe28f424967492706d2b9004c172600330975c74dda3091f0730e2bef83fc", "run_id": "7b033577fce7de7b", "run_kind": "ego_aht_happo", "seed": 0, "step": 18432, "task": "stage1_pickplace"}
{"event": "rollout_update", "git_sha": "f7b34979eb9afce44ceca146b800dc9a2acc696e", "last_reward": "tensor([8.2254e-07])", "level": "info", "partner_class": "scripted_heuristic", "pyproject_hash": "dc5fe28f424967492706d2b9004c172600330975c74dda3091f0730e2bef83fc", "run_id": "7b033577fce7de7b", "run_kind": "ego_aht_happo", "seed": 0, "step": 18432, "task": "stage1_pickplace"}
{"event": "safety_telemetry", "git_sha": "f7b34979eb9afce44ceca146b800dc9a2acc696e", "lambda_max": -7.0, "lambda_mean": -7.0, "lambda_min": -7.0, "lambda_var": 0.0, "level": "info", "n_braking_fires": 0, "n_fallback_fires": 0, "n_obs": 1024, "n_qp_infeasible": 0, "partner_class": "scripted_heuristic", "pyproject_hash": "dc5fe28f424967492706d2b9004c172600330975c74dda3091f0730e2bef83fc", "run_id": "7b033577fce7de7b", "run_kind": "ego_aht_happo", "seed": 0, "step": 19456, "task": "stage1_pickplace"}
{"event": "rollout_update", "git_sha": "f7b34979eb9afce44ceca146b800dc9a2acc696e", "last_reward": "tensor([8.9407e-07])", "level": "info", "partner_class": "scripted_heuristic", "pyproject_hash": "dc5fe28f424967492706d2b9004c172600330975c74dda3091f0730e2bef83fc", "run_id": "7b033577fce7de7b", "run_kind": "ego_aht_happo", "seed": 0, "step": 19456, "task": "stage1_pickplace"}
{"event": "checkpoint_saved", "git_sha": "f7b34979eb9afce44ceca146b800dc9a2acc696e", "level": "info", "partner_class": "scripted_heuristic", "path": "artifacts/artifacts/7b033577fce7de7b_step20000.pt", "pyproject_hash": "dc5fe28f424967492706d2b9004c172600330975c74dda3091f0730e2bef83fc", "run_id": "7b033577fce7de7b", "run_kind": "ego_aht_happo", "seed": 0, "step": 20000, "task": "stage1_pickplace"}
{"event": "safety_telemetry", "git_sha": "f7b34979eb9afce44ceca146b800dc9a2acc696e", "lambda_max": -7.0, "lambda_mean": -7.0, "lambda_min": -7.0, "lambda_var": 0.0, "level": "info", "n_braking_fires": 0, "n_fallback_fires": 0, "n_obs": 1024, "n_qp_infeasible": 0, "partner_class": "scripted_heuristic", "pyproject_hash": "dc5fe28f424967492706d2b9004c172600330975c74dda3091f0730e2bef83fc", "run_id": "7b033577fce7de7b", "run_kind": "ego_aht_happo", "seed": 0, "step": 20480, "task": "stage1_pickplace"}
{"event": "rollout_update", "git_sha": "f7b34979eb9afce44ceca146b800dc9a2acc696e", "last_reward": "tensor([5.4121e-06])", "level": "info", "partner_class": "scripted_heuristic", "pyproject_hash": "dc5fe28f424967492706d2b9004c172600330975c74dda3091f0730e2bef83fc", "run_id": "7b033577fce7de7b", "run_kind": "ego_aht_happo", "seed": 0, "step": 20480, "task": "stage1_pickplace"}
{"event": "safety_telemetry", "git_sha": "f7b34979eb9afce44ceca146b800dc9a2acc696e", "lambda_max": -7.0, "lambda_mean": -7.0, "lambda_min": -7.0, "lambda_var": 0.0, "level": "info", "n_braking_fires": 0, "n_fallback_fires": 0, "n_obs": 1024, "n_qp_infeasible": 0, "partner_class": "scripted_heuristic", "pyproject_hash": "dc5fe28f424967492706d2b9004c172600330975c74dda3091f0730e2bef83fc", "run_id": "7b033577fce7de7b", "run_kind": "ego_aht_happo", "seed": 0, "step": 21504, "task": "stage1_pickplace"}
{"event": "rollout_update", "git_sha": "f7b34979eb9afce44ceca146b800dc9a2acc696e", "last_reward": "tensor([9.4771e-06])", "level": "info", "partner_class": "scripted_heuristic", "pyproject_hash": "dc5fe28f424967492706d2b9004c172600330975c74dda3091f0730e2bef83fc", "run_id": "7b033577fce7de7b", "run_kind": "ego_aht_happo", "seed": 0, "step": 21504, "task": "stage1_pickplace"}
{"event": "safety_telemetry", "git_sha": "f7b34979eb9afce44ceca146b800dc9a2acc696e", "lambda_max": -7.0, "lambda_mean": -7.0, "lambda_min": -7.0, "lambda_var": 0.0, "level": "info", "n_braking_fires": 0, "n_fallback_fires": 0, "n_obs": 1024, "n_qp_infeasible": 0, "partner_class": "scripted_heuristic", "pyproject_hash": "dc5fe28f424967492706d2b9004c172600330975c74dda3091f0730e2bef83fc", "run_id": "7b033577fce7de7b", "run_kind": "ego_aht_happo", "seed": 0, "step": 22528, "task": "stage1_pickplace"}
{"event": "rollout_update", "git_sha": "f7b34979eb9afce44ceca146b800dc9a2acc696e", "last_reward": "tensor([8.0705e-06])", "level": "info", "partner_class": "scripted_heuristic", "pyproject_hash": "dc5fe28f424967492706d2b9004c172600330975c74dda3091f0730e2bef83fc", "run_id": "7b033577fce7de7b", "run_kind": "ego_aht_happo", "seed": 0, "step": 22528, "task": "stage1_pickplace"}
{"event": "safety_telemetry", "git_sha": "f7b34979eb9afce44ceca146b800dc9a2acc696e", "lambda_max": -7.0, "lambda_mean": -7.0, "lambda_min": -7.0, "lambda_var": 0.0, "level": "info", "n_braking_fires": 0, "n_fallback_fires": 0, "n_obs": 1024, "n_qp_infeasible": 0, "partner_class": "scripted_heuristic", "pyproject_hash": "dc5fe28f424967492706d2b9004c172600330975c74dda3091f0730e2bef83fc", "run_id": "7b033577fce7de7b", "run_kind": "ego_aht_happo", "seed": 0, "step": 23552, "task": "stage1_pickplace"}
{"event": "rollout_update", "git_sha": "f7b34979eb9afce44ceca146b800dc9a2acc696e", "last_reward": "tensor([3.6836e-06])", "level": "info", "partner_class": "scripted_heuristic", "pyproject_hash": "dc5fe28f424967492706d2b9004c172600330975c74dda3091f0730e2bef83fc", "run_id": "7b033577fce7de7b", "run_kind": "ego_aht_happo", "seed": 0, "step": 23552, "task": "stage1_pickplace"}
{"event": "safety_telemetry", "git_sha": "f7b34979eb9afce44ceca146b800dc9a2acc696e", "lambda_max": -7.0, "lambda_mean": -7.0, "lambda_min": -7.0, "lambda_var": 0.0, "level": "info", "n_braking_fires": 0, "n_fallback_fires": 0, "n_obs": 1024, "n_qp_infeasible": 0, "partner_class": "scripted_heuristic", "pyproject_hash": "dc5fe28f424967492706d2b9004c172600330975c74dda3091f0730e2bef83fc", "run_id": "7b033577fce7de7b", "run_kind": "ego_aht_happo", "seed": 0, "step": 24576, "task": "stage1_pickplace"}
{"event": "rollout_update", "git_sha": "f7b34979eb9afce44ceca146b800dc9a2acc696e", "last_reward": "tensor([1.0705e-05])", "level": "info", "partner_class": "scripted_heuristic", "pyproject_hash": "dc5fe28f424967492706d2b9004c172600330975c74dda3091f0730e2bef83fc", "run_id": "7b033577fce7de7b", "run_kind": "ego_aht_happo", "seed": 0, "step": 24576, "task": "stage1_pickplace"}
{"event": "safety_telemetry", "git_sha": "f7b34979eb9afce44ceca146b800dc9a2acc696e", "lambda_max": -7.0, "lambda_mean": -7.0, "lambda_min": -7.0, "lambda_var": 0.0, "level": "info", "n_braking_fires": 0, "n_fallback_fires": 0, "n_obs": 1024, "n_qp_infeasible": 0, "partner_class": "scripted_heuristic", "pyproject_hash": "dc5fe28f424967492706d2b9004c172600330975c74dda3091f0730e2bef83fc", "run_id": "7b033577fce7de7b", "run_kind": "ego_aht_happo", "seed": 0, "step": 25600, "task": "stage1_pickplace"}
{"event": "rollout_update", "git_sha": "f7b34979eb9afce44ceca146b800dc9a2acc696e", "last_reward": "tensor([2.2924e-05])", "level": "info", "partner_class": "scripted_heuristic", "pyproject_hash": "dc5fe28f424967492706d2b9004c172600330975c74dda3091f0730e2bef83fc", "run_id": "7b033577fce7de7b", "run_kind": "ego_aht_happo", "seed": 0, "step": 25600, "task": "stage1_pickplace"}
{"event": "safety_telemetry", "git_sha": "f7b34979eb9afce44ceca146b800dc9a2acc696e", "lambda_max": -7.0, "lambda_mean": -7.0, "lambda_min": -7.0, "lambda_var": 0.0, "level": "info", "n_braking_fires": 0, "n_fallback_fires": 0, "n_obs": 1024, "n_qp_infeasible": 0, "partner_class": "scripted_heuristic", "pyproject_hash": "dc5fe28f424967492706d2b9004c172600330975c74dda3091f0730e2bef83fc", "run_id": "7b033577fce7de7b", "run_kind": "ego_aht_happo", "seed": 0, "step": 26624, "task": "stage1_pickplace"}
{"event": "rollout_update", "git_sha": "f7b34979eb9afce44ceca146b800dc9a2acc696e", "last_reward": "tensor([0.0001])", "level": "info", "partner_class": "scripted_heuristic", "pyproject_hash": "dc5fe28f424967492706d2b9004c172600330975c74dda3091f0730e2bef83fc", "run_id": "7b033577fce7de7b", "run_kind": "ego_aht_happo", "seed": 0, "step": 26624, "task": "stage1_pickplace"}
{"event": "safety_telemetry", "git_sha": "f7b34979eb9afce44ceca146b800dc9a2acc696e", "lambda_max": -7.0, "lambda_mean": -7.0, "lambda_min": -7.0, "lambda_var": 0.0, "level": "info", "n_braking_fires": 0, "n_fallback_fires": 0, "n_obs": 1024, "n_qp_infeasible": 0, "partner_class": "scripted_heuristic", "pyproject_hash": "dc5fe28f424967492706d2b9004c172600330975c74dda3091f0730e2bef83fc", "run_id": "7b033577fce7de7b", "run_kind": "ego_aht_happo", "seed": 0, "step": 27648, "task": "stage1_pickplace"}
{"event": "rollout_update", "git_sha": "f7b34979eb9afce44ceca146b800dc9a2acc696e", "last_reward": "tensor([3.3569e-05])", "level": "info", "partner_class": "scripted_heuristic", "pyproject_hash": "dc5fe28f424967492706d2b9004c172600330975c74dda3091f0730e2bef83fc", "run_id": "7b033577fce7de7b", "run_kind": "ego_aht_happo", "seed": 0, "step": 27648, "task": "stage1_pickplace"}
{"event": "safety_telemetry", "git_sha": "f7b34979eb9afce44ceca146b800dc9a2acc696e", "lambda_max": -7.0, "lambda_mean": -7.0, "lambda_min": -7.0, "lambda_var": 0.0, "level": "info", "n_braking_fires": 0, "n_fallback_fires": 0, "n_obs": 1024, "n_qp_infeasible": 0, "partner_class": "scripted_heuristic", "pyproject_hash": "dc5fe28f424967492706d2b9004c172600330975c74dda3091f0730e2bef83fc", "run_id": "7b033577fce7de7b", "run_kind": "ego_aht_happo", "seed": 0, "step": 28672, "task": "stage1_pickplace"}
{"event": "rollout_update", "git_sha": "f7b34979eb9afce44ceca146b800dc9a2acc696e", "last_reward": "tensor([1.4770e-05])", "level": "info", "partner_class": "scripted_heuristic", "pyproject_hash": "dc5fe28f424967492706d2b9004c172600330975c74dda3091f0730e2bef83fc", "run_id": "7b033577fce7de7b", "run_kind": "ego_aht_happo", "seed": 0, "step": 28672, "task": "stage1_pickplace"}
{"event": "safety_telemetry", "git_sha": "f7b34979eb9afce44ceca146b800dc9a2acc696e", "lambda_max": -7.0, "lambda_mean": -7.0, "lambda_min": -7.0, "lambda_var": 0.0, "level": "info", "n_braking_fires": 0, "n_fallback_fires": 0, "n_obs": 1024, "n_qp_infeasible": 0, "partner_class": "scripted_heuristic", "pyproject_hash": "dc5fe28f424967492706d2b9004c172600330975c74dda3091f0730e2bef83fc", "run_id": "7b033577fce7de7b", "run_kind": "ego_aht_happo", "seed": 0, "step": 29696, "task": "stage1_pickplace"}
{"event": "rollout_update", "git_sha": "f7b34979eb9afce44ceca146b800dc9a2acc696e", "last_reward": "tensor([3.1352e-06])", "level": "info", "partner_class": "scripted_heuristic", "pyproject_hash": "dc5fe28f424967492706d2b9004c172600330975c74dda3091f0730e2bef83fc", "run_id": "7b033577fce7de7b", "run_kind": "ego_aht_happo", "seed": 0, "step": 29696, "task": "stage1_pickplace"}
{"event": "checkpoint_saved", "git_sha": "f7b34979eb9afce44ceca146b800dc9a2acc696e", "level": "info", "partner_class": "scripted_heuristic", "path": "artifacts/artifacts/7b033577fce7de7b_step30000.pt", "pyproject_hash": "dc5fe28f424967492706d2b9004c172600330975c74dda3091f0730e2bef83fc", "run_id": "7b033577fce7de7b", "run_kind": "ego_aht_happo", "seed": 0, "step": 30000, "task": "stage1_pickplace"}
{"event": "safety_telemetry", "git_sha": "f7b34979eb9afce44ceca146b800dc9a2acc696e", "lambda_max": -7.0, "lambda_mean": -7.0, "lambda_min": -7.0, "lambda_var": 0.0, "level": "info", "n_braking_fires": 0, "n_fallback_fires": 0, "n_obs": 1024, "n_qp_infeasible": 0, "partner_class": "scripted_heuristic", "pyproject_hash": "dc5fe28f424967492706d2b9004c172600330975c74dda3091f0730e2bef83fc", "run_id": "7b033577fce7de7b", "run_kind": "ego_aht_happo", "seed": 0, "step": 30720, "task": "stage1_pickplace"}
{"event": "rollout_update", "git_sha": "f7b34979eb9afce44ceca146b800dc9a2acc696e", "last_reward": "tensor([1.0967e-06])", "level": "info", "partner_class": "scripted_heuristic", "pyproject_hash": "dc5fe28f424967492706d2b9004c172600330975c74dda3091f0730e2bef83fc", "run_id": "7b033577fce7de7b", "run_kind": "ego_aht_happo", "seed": 0, "step": 30720, "task": "stage1_pickplace"}
{"event": "safety_telemetry", "git_sha": "f7b34979eb9afce44ceca146b800dc9a2acc696e", "lambda_max": -7.0, "lambda_mean": -7.0, "lambda_min": -7.0, "lambda_var": 0.0, "level": "info", "n_braking_fires": 0, "n_fallback_fires": 0, "n_obs": 1024, "n_qp_infeasible": 0, "partner_class": "scripted_heuristic", "pyproject_hash": "dc5fe28f424967492706d2b9004c172600330975c74dda3091f0730e2bef83fc", "run_id": "7b033577fce7de7b", "run_kind": "ego_aht_happo", "seed": 0, "step": 31744, "task": "stage1_pickplace"}
{"event": "rollout_update", "git_sha": "f7b34979eb9afce44ceca146b800dc9a2acc696e", "last_reward": "tensor([1.4305e-06])", "level": "info", "partner_class": "scripted_heuristic", "pyproject_hash": "dc5fe28f424967492706d2b9004c172600330975c74dda3091f0730e2bef83fc", "run_id": "7b033577fce7de7b", "run_kind": "ego_aht_happo", "seed": 0, "step": 31744, "task": "stage1_pickplace"}
{"event": "safety_telemetry", "git_sha": "f7b34979eb9afce44ceca146b800dc9a2acc696e", "lambda_max": -7.0, "lambda_mean": -7.0, "lambda_min": -7.0, "lambda_var": 0.0, "level": "info", "n_braking_fires": 0, "n_fallback_fires": 0, "n_obs": 1024, "n_qp_infeasible": 0, "partner_class": "scripted_heuristic", "pyproject_hash": "dc5fe28f424967492706d2b9004c172600330975c74dda3091f0730e2bef83fc", "run_id": "7b033577fce7de7b", "run_kind": "ego_aht_happo", "seed": 0, "step": 32768, "task": "stage1_pickplace"}
{"event": "rollout_update", "git_sha": "f7b34979eb9afce44ceca146b800dc9a2acc696e", "last_reward": "tensor([3.5882e-06])", "level": "info", "partner_class": "scripted_heuristic", "pyproject_hash": "dc5fe28f424967492706d2b9004c172600330975c74dda3091f0730e2bef83fc", "run_id": "7b033577fce7de7b", "run_kind": "ego_aht_happo", "seed": 0, "step": 32768, "task": "stage1_pickplace"}
{"event": "safety_telemetry", "git_sha": "f7b34979eb9afce44ceca146b800dc9a2acc696e", "lambda_max": -7.0, "lambda_mean": -7.0, "lambda_min": -7.0, "lambda_var": 0.0, "level": "info", "n_braking_fires": 0, "n_fallback_fires": 0, "n_obs": 1024, "n_qp_infeasible": 0, "partner_class": "scripted_heuristic", "pyproject_hash": "dc5fe28f424967492706d2b9004c172600330975c74dda3091f0730e2bef83fc", "run_id": "7b033577fce7de7b", "run_kind": "ego_aht_happo", "seed": 0, "step": 33792, "task": "stage1_pickplace"}
{"event": "rollout_update", "git_sha": "f7b34979eb9afce44ceca146b800dc9a2acc696e", "last_reward": "tensor([2.6822e-06])", "level": "info", "partner_class": "scripted_heuristic", "pyproject_hash": "dc5fe28f424967492706d2b9004c172600330975c74dda3091f0730e2bef83fc", "run_id": "7b033577fce7de7b", "run_kind": "ego_aht_happo", "seed": 0, "step": 33792, "task": "stage1_pickplace"}
{"event": "safety_telemetry", "git_sha": "f7b34979eb9afce44ceca146b800dc9a2acc696e", "lambda_max": -7.0, "lambda_mean": -7.0, "lambda_min": -7.0, "lambda_var": 0.0, "level": "info", "n_braking_fires": 0, "n_fallback_fires": 0, "n_obs": 1024, "n_qp_infeasible": 0, "partner_class": "scripted_heuristic", "pyproject_hash": "dc5fe28f424967492706d2b9004c172600330975c74dda3091f0730e2bef83fc", "run_id": "7b033577fce7de7b", "run_kind": "ego_aht_happo", "seed": 0, "step": 34816, "task": "stage1_pickplace"}
{"event": "rollout_update", "git_sha": "f7b34979eb9afce44ceca146b800dc9a2acc696e", "last_reward": "tensor([7.2718e-07])", "level": "info", "partner_class": "scripted_heuristic", "pyproject_hash": "dc5fe28f424967492706d2b9004c172600330975c74dda3091f0730e2bef83fc", "run_id": "7b033577fce7de7b", "run_kind": "ego_aht_happo", "seed": 0, "step": 34816, "task": "stage1_pickplace"}
{"event": "safety_telemetry", "git_sha": "f7b34979eb9afce44ceca146b800dc9a2acc696e", "lambda_max": -7.0, "lambda_mean": -7.0, "lambda_min": -7.0, "lambda_var": 0.0, "level": "info", "n_braking_fires": 0, "n_fallback_fires": 0, "n_obs": 1024, "n_qp_infeasible": 0, "partner_class": "scripted_heuristic", "pyproject_hash": "dc5fe28f424967492706d2b9004c172600330975c74dda3091f0730e2bef83fc", "run_id": "7b033577fce7de7b", "run_kind": "ego_aht_happo", "seed": 0, "step": 35840, "task": "stage1_pickplace"}
{"event": "rollout_update", "git_sha": "f7b34979eb9afce44ceca146b800dc9a2acc696e", "last_reward": "tensor([2.5034e-07])", "level": "info", "partner_class": "scripted_heuristic", "pyproject_hash": "dc5fe28f424967492706d2b9004c172600330975c74dda3091f0730e2bef83fc", "run_id": "7b033577fce7de7b", "run_kind": "ego_aht_happo", "seed": 0, "step": 35840, "task": "stage1_pickplace"}
{"event": "safety_telemetry", "git_sha": "f7b34979eb9afce44ceca146b800dc9a2acc696e", "lambda_max": -7.0, "lambda_mean": -7.0, "lambda_min": -7.0, "lambda_var": 0.0, "level": "info", "n_braking_fires": 0, "n_fallback_fires": 0, "n_obs": 1024, "n_qp_infeasible": 0, "partner_class": "scripted_heuristic", "pyproject_hash": "dc5fe28f424967492706d2b9004c172600330975c74dda3091f0730e2bef83fc", "run_id": "7b033577fce7de7b", "run_kind": "ego_aht_happo", "seed": 0, "step": 36864, "task": "stage1_pickplace"}
{"event": "rollout_update", "git_sha": "f7b34979eb9afce44ceca146b800dc9a2acc696e", "last_reward": "tensor([6.9141e-07])", "level": "info", "partner_class": "scripted_heuristic", "pyproject_hash": "dc5fe28f424967492706d2b9004c172600330975c74dda3091f0730e2bef83fc", "run_id": "7b033577fce7de7b", "run_kind": "ego_aht_happo", "seed": 0, "step": 36864, "task": "stage1_pickplace"}
{"event": "safety_telemetry", "git_sha": "f7b34979eb9afce44ceca146b800dc9a2acc696e", "lambda_max": -7.0, "lambda_mean": -7.0, "lambda_min": -7.0, "lambda_var": 0.0, "level": "info", "n_braking_fires": 0, "n_fallback_fires": 0, "n_obs": 1024, "n_qp_infeasible": 0, "partner_class": "scripted_heuristic", "pyproject_hash": "dc5fe28f424967492706d2b9004c172600330975c74dda3091f0730e2bef83fc", "run_id": "7b033577fce7de7b", "run_kind": "ego_aht_happo", "seed": 0, "step": 37888, "task": "stage1_pickplace"}
{"event": "rollout_update", "git_sha": "f7b34979eb9afce44ceca146b800dc9a2acc696e", "last_reward": "tensor([1.9431e-06])", "level": "info", "partner_class": "scripted_heuristic", "pyproject_hash": "dc5fe28f424967492706d2b9004c172600330975c74dda3091f0730e2bef83fc", "run_id": "7b033577fce7de7b", "run_kind": "ego_aht_happo", "seed": 0, "step": 37888, "task": "stage1_pickplace"}
{"event": "safety_telemetry", "git_sha": "f7b34979eb9afce44ceca146b800dc9a2acc696e", "lambda_max": -7.0, "lambda_mean": -7.0, "lambda_min": -7.0, "lambda_var": 0.0, "level": "info", "n_braking_fires": 0, "n_fallback_fires": 0, "n_obs": 1024, "n_qp_infeasible": 0, "partner_class": "scripted_heuristic", "pyproject_hash": "dc5fe28f424967492706d2b9004c172600330975c74dda3091f0730e2bef83fc", "run_id": "7b033577fce7de7b", "run_kind": "ego_aht_happo", "seed": 0, "step": 38912, "task": "stage1_pickplace"}
{"event": "rollout_update", "git_sha": "f7b34979eb9afce44ceca146b800dc9a2acc696e", "last_reward": "tensor([4.1127e-06])", "level": "info", "partner_class": "scripted_heuristic", "pyproject_hash": "dc5fe28f424967492706d2b9004c172600330975c74dda3091f0730e2bef83fc", "run_id": "7b033577fce7de7b", "run_kind": "ego_aht_happo", "seed": 0, "step": 38912, "task": "stage1_pickplace"}
{"event": "safety_telemetry", "git_sha": "f7b34979eb9afce44ceca146b800dc9a2acc696e", "lambda_max": -7.0, "lambda_mean": -7.0, "lambda_min": -7.0, "lambda_var": 0.0, "level": "info", "n_braking_fires": 0, "n_fallback_fires": 0, "n_obs": 1024, "n_qp_infeasible": 0, "partner_class": "scripted_heuristic", "pyproject_hash": "dc5fe28f424967492706d2b9004c172600330975c74dda3091f0730e2bef83fc", "run_id": "7b033577fce7de7b", "run_kind": "ego_aht_happo", "seed": 0, "step": 39936, "task": "stage1_pickplace"}
{"event": "rollout_update", "git_sha": "f7b34979eb9afce44ceca146b800dc9a2acc696e", "last_reward": "tensor([4.2319e-06])", "level": "info", "partner_class": "scripted_heuristic", "pyproject_hash": "dc5fe28f424967492706d2b9004c172600330975c74dda3091f0730e2bef83fc", "run_id": "7b033577fce7de7b", "run_kind": "ego_aht_happo", "seed": 0, "step": 39936, "task": "stage1_pickplace"}
{"event": "checkpoint_saved", "git_sha": "f7b34979eb9afce44ceca146b800dc9a2acc696e", "level": "info", "partner_class": "scripted_heuristic", "path": "artifacts/artifacts/7b033577fce7de7b_step40000.pt", "pyproject_hash": "dc5fe28f424967492706d2b9004c172600330975c74dda3091f0730e2bef83fc", "run_id": "7b033577fce7de7b", "run_kind": "ego_aht_happo", "seed": 0, "step": 40000, "task": "stage1_pickplace"}
{"event": "safety_telemetry", "git_sha": "f7b34979eb9afce44ceca146b800dc9a2acc696e", "lambda_max": -7.0, "lambda_mean": -7.0, "lambda_min": -7.0, "lambda_var": 0.0, "level": "info", "n_braking_fires": 0, "n_fallback_fires": 0, "n_obs": 1024, "n_qp_infeasible": 0, "partner_class": "scripted_heuristic", "pyproject_hash": "dc5fe28f424967492706d2b9004c172600330975c74dda3091f0730e2bef83fc", "run_id": "7b033577fce7de7b", "run_kind": "ego_aht_happo", "seed": 0, "step": 40960, "task": "stage1_pickplace"}
{"event": "rollout_update", "git_sha": "f7b34979eb9afce44ceca146b800dc9a2acc696e", "last_reward": "tensor([3.3498e-06])", "level": "info", "partner_class": "scripted_heuristic", "pyproject_hash": "dc5fe28f424967492706d2b9004c172600330975c74dda3091f0730e2bef83fc", "run_id": "7b033577fce7de7b", "run_kind": "ego_aht_happo", "seed": 0, "step": 40960, "task": "stage1_pickplace"}
{"event": "safety_telemetry", "git_sha": "f7b34979eb9afce44ceca146b800dc9a2acc696e", "lambda_max": -7.0, "lambda_mean": -7.0, "lambda_min": -7.0, "lambda_var": 0.0, "level": "info", "n_braking_fires": 0, "n_fallback_fires": 0, "n_obs": 1024, "n_qp_infeasible": 0, "partner_class": "scripted_heuristic", "pyproject_hash": "dc5fe28f424967492706d2b9004c172600330975c74dda3091f0730e2bef83fc", "run_id": "7b033577fce7de7b", "run_kind": "ego_aht_happo", "seed": 0, "step": 41984, "task": "stage1_pickplace"}
{"event": "rollout_update", "git_sha": "f7b34979eb9afce44ceca146b800dc9a2acc696e", "last_reward": "tensor([1.7762e-06])", "level": "info", "partner_class": "scripted_heuristic", "pyproject_hash": "dc5fe28f424967492706d2b9004c172600330975c74dda3091f0730e2bef83fc", "run_id": "7b033577fce7de7b", "run_kind": "ego_aht_happo", "seed": 0, "step": 41984, "task": "stage1_pickplace"}
{"event": "safety_telemetry", "git_sha": "f7b34979eb9afce44ceca146b800dc9a2acc696e", "lambda_max": -7.0, "lambda_mean": -7.0, "lambda_min": -7.0, "lambda_var": 0.0, "level": "info", "n_braking_fires": 0, "n_fallback_fires": 0, "n_obs": 1024, "n_qp_infeasible": 0, "partner_class": "scripted_heuristic", "pyproject_hash": "dc5fe28f424967492706d2b9004c172600330975c74dda3091f0730e2bef83fc", "run_id": "7b033577fce7de7b", "run_kind": "ego_aht_happo", "seed": 0, "step": 43008, "task": "stage1_pickplace"}
{"event": "rollout_update", "git_sha": "f7b34979eb9afce44ceca146b800dc9a2acc696e", "last_reward": "tensor([1.5497e-06])", "level": "info", "partner_class": "scripted_heuristic", "pyproject_hash": "dc5fe28f424967492706d2b9004c172600330975c74dda3091f0730e2bef83fc", "run_id": "7b033577fce7de7b", "run_kind": "ego_aht_happo", "seed": 0, "step": 43008, "task": "stage1_pickplace"}
{"event": "safety_telemetry", "git_sha": "f7b34979eb9afce44ceca146b800dc9a2acc696e", "lambda_max": -7.0, "lambda_mean": -7.0, "lambda_min": -7.0, "lambda_var": 0.0, "level": "info", "n_braking_fires": 0, "n_fallback_fires": 0, "n_obs": 1024, "n_qp_infeasible": 0, "partner_class": "scripted_heuristic", "pyproject_hash": "dc5fe28f424967492706d2b9004c172600330975c74dda3091f0730e2bef83fc", "run_id": "7b033577fce7de7b", "run_kind": "ego_aht_happo", "seed": 0, "step": 44032, "task": "stage1_pickplace"}
{"event": "rollout_update", "git_sha": "f7b34979eb9afce44ceca146b800dc9a2acc696e", "last_reward": "tensor([2.6321e-05])", "level": "info", "partner_class": "scripted_heuristic", "pyproject_hash": "dc5fe28f424967492706d2b9004c172600330975c74dda3091f0730e2bef83fc", "run_id": "7b033577fce7de7b", "run_kind": "ego_aht_happo", "seed": 0, "step": 44032, "task": "stage1_pickplace"}
{"event": "safety_telemetry", "git_sha": "f7b34979eb9afce44ceca146b800dc9a2acc696e", "lambda_max": -7.0, "lambda_mean": -7.0, "lambda_min": -7.0, "lambda_var": 0.0, "level": "info", "n_braking_fires": 0, "n_fallback_fires": 0, "n_obs": 1024, "n_qp_infeasible": 0, "partner_class": "scripted_heuristic", "pyproject_hash": "dc5fe28f424967492706d2b9004c172600330975c74dda3091f0730e2bef83fc", "run_id": "7b033577fce7de7b", "run_kind": "ego_aht_happo", "seed": 0, "step": 45056, "task": "stage1_pickplace"}
{"event": "rollout_update", "git_sha": "f7b34979eb9afce44ceca146b800dc9a2acc696e", "last_reward": "tensor([5.4896e-05])", "level": "info", "partner_class": "scripted_heuristic", "pyproject_hash": "dc5fe28f424967492706d2b9004c172600330975c74dda3091f0730e2bef83fc", "run_id": "7b033577fce7de7b", "run_kind": "ego_aht_happo", "seed": 0, "step": 45056, "task": "stage1_pickplace"}
{"event": "safety_telemetry", "git_sha": "f7b34979eb9afce44ceca146b800dc9a2acc696e", "lambda_max": -7.0, "lambda_mean": -7.0, "lambda_min": -7.0, "lambda_var": 0.0, "level": "info", "n_braking_fires": 0, "n_fallback_fires": 0, "n_obs": 1024, "n_qp_infeasible": 0, "partner_class": "scripted_heuristic", "pyproject_hash": "dc5fe28f424967492706d2b9004c172600330975c74dda3091f0730e2bef83fc", "run_id": "7b033577fce7de7b", "run_kind": "ego_aht_happo", "seed": 0, "step": 46080, "task": "stage1_pickplace"}
{"event": "rollout_update", "git_sha": "f7b34979eb9afce44ceca146b800dc9a2acc696e", "last_reward": "tensor([7.7987e-05])", "level": "info", "partner_class": "scripted_heuristic", "pyproject_hash": "dc5fe28f424967492706d2b9004c172600330975c74dda3091f0730e2bef83fc", "run_id": "7b033577fce7de7b", "run_kind": "ego_aht_happo", "seed": 0, "step": 46080, "task": "stage1_pickplace"}
{"event": "safety_telemetry", "git_sha": "f7b34979eb9afce44ceca146b800dc9a2acc696e", "lambda_max": -7.0, "lambda_mean": -7.0, "lambda_min": -7.0, "lambda_var": 0.0, "level": "info", "n_braking_fires": 0, "n_fallback_fires": 0, "n_obs": 1024, "n_qp_infeasible": 0, "partner_class": "scripted_heuristic", "pyproject_hash": "dc5fe28f424967492706d2b9004c172600330975c74dda3091f0730e2bef83fc", "run_id": "7b033577fce7de7b", "run_kind": "ego_aht_happo", "seed": 0, "step": 47104, "task": "stage1_pickplace"}
{"event": "rollout_update", "git_sha": "f7b34979eb9afce44ceca146b800dc9a2acc696e", "last_reward": "tensor([6.7937e-05])", "level": "info", "partner_class": "scripted_heuristic", "pyproject_hash": "dc5fe28f424967492706d2b9004c172600330975c74dda3091f0730e2bef83fc", "run_id": "7b033577fce7de7b", "run_kind": "ego_aht_happo", "seed": 0, "step": 47104, "task": "stage1_pickplace"}
{"event": "safety_telemetry", "git_sha": "f7b34979eb9afce44ceca146b800dc9a2acc696e", "lambda_max": -7.0, "lambda_mean": -7.0, "lambda_min": -7.0, "lambda_var": 0.0, "level": "info", "n_braking_fires": 0, "n_fallback_fires": 0, "n_obs": 1024, "n_qp_infeasible": 0, "partner_class": "scripted_heuristic", "pyproject_hash": "dc5fe28f424967492706d2b9004c172600330975c74dda3091f0730e2bef83fc", "run_id": "7b033577fce7de7b", "run_kind": "ego_aht_happo", "seed": 0, "step": 48128, "task": "stage1_pickplace"}
{"event": "rollout_update", "git_sha": "f7b34979eb9afce44ceca146b800dc9a2acc696e", "last_reward": "tensor([0.0003])", "level": "info", "partner_class": "scripted_heuristic", "pyproject_hash": "dc5fe28f424967492706d2b9004c172600330975c74dda3091f0730e2bef83fc", "run_id": "7b033577fce7de7b", "run_kind": "ego_aht_happo", "seed": 0, "step": 48128, "task": "stage1_pickplace"}
{"event": "safety_telemetry", "git_sha": "f7b34979eb9afce44ceca146b800dc9a2acc696e", "lambda_max": -7.0, "lambda_mean": -7.0, "lambda_min": -7.0, "lambda_var": 0.0, "level": "info", "n_braking_fires": 0, "n_fallback_fires": 0, "n_obs": 1024, "n_qp_infeasible": 0, "partner_class": "scripted_heuristic", "pyproject_hash": "dc5fe28f424967492706d2b9004c172600330975c74dda3091f0730e2bef83fc", "run_id": "7b033577fce7de7b", "run_kind": "ego_aht_happo", "seed": 0, "step": 49152, "task": "stage1_pickplace"}
{"event": "rollout_update", "git_sha": "f7b34979eb9afce44ceca146b800dc9a2acc696e", "last_reward": "tensor([0.0001])", "level": "info", "partner_class": "scripted_heuristic", "pyproject_hash": "dc5fe28f424967492706d2b9004c172600330975c74dda3091f0730e2bef83fc", "run_id": "7b033577fce7de7b", "run_kind": "ego_aht_happo", "seed": 0, "step": 49152, "task": "stage1_pickplace"}
{"event": "checkpoint_saved", "git_sha": "f7b34979eb9afce44ceca146b800dc9a2acc696e", "level": "info", "partner_class": "scripted_heuristic", "path": "artifacts/artifacts/7b033577fce7de7b_step50000.pt", "pyproject_hash": "dc5fe28f424967492706d2b9004c172600330975c74dda3091f0730e2bef83fc", "run_id": "7b033577fce7de7b", "run_kind": "ego_aht_happo", "seed": 0, "step": 50000, "task": "stage1_pickplace"}
{"event": "safety_telemetry", "git_sha": "f7b34979eb9afce44ceca146b800dc9a2acc696e", "lambda_max": -7.0, "lambda_mean": -7.0, "lambda_min": -7.0, "lambda_var": 0.0, "level": "info", "n_braking_fires": 0, "n_fallback_fires": 0, "n_obs": 1024, "n_qp_infeasible": 0, "partner_class": "scripted_heuristic", "pyproject_hash": "dc5fe28f424967492706d2b9004c172600330975c74dda3091f0730e2bef83fc", "run_id": "7b033577fce7de7b", "run_kind": "ego_aht_happo", "seed": 0, "step": 50176, "task": "stage1_pickplace"}
{"event": "rollout_update", "git_sha": "f7b34979eb9afce44ceca146b800dc9a2acc696e", "last_reward": "tensor([0.0001])", "level": "info", "partner_class": "scripted_heuristic", "pyproject_hash": "dc5fe28f424967492706d2b9004c172600330975c74dda3091f0730e2bef83fc", "run_id": "7b033577fce7de7b", "run_kind": "ego_aht_happo", "seed": 0, "step": 50176, "task": "stage1_pickplace"}
{"event": "safety_telemetry", "git_sha": "f7b34979eb9afce44ceca146b800dc9a2acc696e", "lambda_max": -7.0, "lambda_mean": -7.0, "lambda_min": -7.0, "lambda_var": 0.0, "level": "info", "n_braking_fires": 0, "n_fallback_fires": 0, "n_obs": 1024, "n_qp_infeasible": 0, "partner_class": "scripted_heuristic", "pyproject_hash": "dc5fe28f424967492706d2b9004c172600330975c74dda3091f0730e2bef83fc", "run_id": "7b033577fce7de7b", "run_kind": "ego_aht_happo", "seed": 0, "step": 51200, "task": "stage1_pickplace"}
{"event": "rollout_update", "git_sha": "f7b34979eb9afce44ceca146b800dc9a2acc696e", "last_reward": "tensor([5.6124e-05])", "level": "info", "partner_class": "scripted_heuristic", "pyproject_hash": "dc5fe28f424967492706d2b9004c172600330975c74dda3091f0730e2bef83fc", "run_id": "7b033577fce7de7b", "run_kind": "ego_aht_happo", "seed": 0, "step": 51200, "task": "stage1_pickplace"}
{"event": "safety_telemetry", "git_sha": "f7b34979eb9afce44ceca146b800dc9a2acc696e", "lambda_max": -7.0, "lambda_mean": -7.0, "lambda_min": -7.0, "lambda_var": 0.0, "level": "info", "n_braking_fires": 0, "n_fallback_fires": 0, "n_obs": 1024, "n_qp_infeasible": 0, "partner_class": "scripted_heuristic", "pyproject_hash": "dc5fe28f424967492706d2b9004c172600330975c74dda3091f0730e2bef83fc", "run_id": "7b033577fce7de7b", "run_kind": "ego_aht_happo", "seed": 0, "step": 52224, "task": "stage1_pickplace"}
{"event": "rollout_update", "git_sha": "f7b34979eb9afce44ceca146b800dc9a2acc696e", "last_reward": "tensor([4.7469e-05])", "level": "info", "partner_class": "scripted_heuristic", "pyproject_hash": "dc5fe28f424967492706d2b9004c172600330975c74dda3091f0730e2bef83fc", "run_id": "7b033577fce7de7b", "run_kind": "ego_aht_happo", "seed": 0, "step": 52224, "task": "stage1_pickplace"}
{"event": "safety_telemetry", "git_sha": "f7b34979eb9afce44ceca146b800dc9a2acc696e", "lambda_max": -7.0, "lambda_mean": -7.0, "lambda_min": -7.0, "lambda_var": 0.0, "level": "info", "n_braking_fires": 0, "n_fallback_fires": 0, "n_obs": 1024, "n_qp_infeasible": 0, "partner_class": "scripted_heuristic", "pyproject_hash": "dc5fe28f424967492706d2b9004c172600330975c74dda3091f0730e2bef83fc", "run_id": "7b033577fce7de7b", "run_kind": "ego_aht_happo", "seed": 0, "step": 53248, "task": "stage1_pickplace"}
{"event": "rollout_update", "git_sha": "f7b34979eb9afce44ceca146b800dc9a2acc696e", "last_reward": "tensor([2.8586e-05])", "level": "info", "partner_class": "scripted_heuristic", "pyproject_hash": "dc5fe28f424967492706d2b9004c172600330975c74dda3091f0730e2bef83fc", "run_id": "7b033577fce7de7b", "run_kind": "ego_aht_happo", "seed": 0, "step": 53248, "task": "stage1_pickplace"}
{"event": "safety_telemetry", "git_sha": "f7b34979eb9afce44ceca146b800dc9a2acc696e", "lambda_max": -7.0, "lambda_mean": -7.0, "lambda_min": -7.0, "lambda_var": 0.0, "level": "info", "n_braking_fires": 0, "n_fallback_fires": 0, "n_obs": 1024, "n_qp_infeasible": 0, "partner_class": "scripted_heuristic", "pyproject_hash": "dc5fe28f424967492706d2b9004c172600330975c74dda3091f0730e2bef83fc", "run_id": "7b033577fce7de7b", "run_kind": "ego_aht_happo", "seed": 0, "step": 54272, "task": "stage1_pickplace"}
{"event": "rollout_update", "git_sha": "f7b34979eb9afce44ceca146b800dc9a2acc696e", "last_reward": "tensor([1.7715e-05])", "level": "info", "partner_class": "scripted_heuristic", "pyproject_hash": "dc5fe28f424967492706d2b9004c172600330975c74dda3091f0730e2bef83fc", "run_id": "7b033577fce7de7b", "run_kind": "ego_aht_happo", "seed": 0, "step": 54272, "task": "stage1_pickplace"}
{"event": "safety_telemetry", "git_sha": "f7b34979eb9afce44ceca146b800dc9a2acc696e", "lambda_max": -7.0, "lambda_mean": -7.0, "lambda_min": -7.0, "lambda_var": 0.0, "level": "info", "n_braking_fires": 0, "n_fallback_fires": 0, "n_obs": 1024, "n_qp_infeasible": 0, "partner_class": "scripted_heuristic", "pyproject_hash": "dc5fe28f424967492706d2b9004c172600330975c74dda3091f0730e2bef83fc", "run_id": "7b033577fce7de7b", "run_kind": "ego_aht_happo", "seed": 0, "step": 55296, "task": "stage1_pickplace"}
{"event": "rollout_update", "git_sha": "f7b34979eb9afce44ceca146b800dc9a2acc696e", "last_reward": "tensor([3.8028e-06])", "level": "info", "partner_class": "scripted_heuristic", "pyproject_hash": "dc5fe28f424967492706d2b9004c172600330975c74dda3091f0730e2bef83fc", "run_id": "7b033577fce7de7b", "run_kind": "ego_aht_happo", "seed": 0, "step": 55296, "task": "stage1_pickplace"}
{"event": "safety_telemetry", "git_sha": "f7b34979eb9afce44ceca146b800dc9a2acc696e", "lambda_max": -7.0, "lambda_mean": -7.0, "lambda_min": -7.0, "lambda_var": 0.0, "level": "info", "n_braking_fires": 0, "n_fallback_fires": 0, "n_obs": 1024, "n_qp_infeasible": 0, "partner_class": "scripted_heuristic", "pyproject_hash": "dc5fe28f424967492706d2b9004c172600330975c74dda3091f0730e2bef83fc", "run_id": "7b033577fce7de7b", "run_kind": "ego_aht_happo", "seed": 0, "step": 56320, "task": "stage1_pickplace"}
{"event": "rollout_update", "git_sha": "f7b34979eb9afce44ceca146b800dc9a2acc696e", "last_reward": "tensor([1.3828e-06])", "level": "info", "partner_class": "scripted_heuristic", "pyproject_hash": "dc5fe28f424967492706d2b9004c172600330975c74dda3091f0730e2bef83fc", "run_id": "7b033577fce7de7b", "run_kind": "ego_aht_happo", "seed": 0, "step": 56320, "task": "stage1_pickplace"}
{"event": "safety_telemetry", "git_sha": "f7b34979eb9afce44ceca146b800dc9a2acc696e", "lambda_max": -7.0, "lambda_mean": -7.0, "lambda_min": -7.0, "lambda_var": 0.0, "level": "info", "n_braking_fires": 0, "n_fallback_fires": 0, "n_obs": 1024, "n_qp_infeasible": 0, "partner_class": "scripted_heuristic", "pyproject_hash": "dc5fe28f424967492706d2b9004c172600330975c74dda3091f0730e2bef83fc", "run_id": "7b033577fce7de7b", "run_kind": "ego_aht_happo", "seed": 0, "step": 57344, "task": "stage1_pickplace"}
{"event": "rollout_update", "git_sha": "f7b34979eb9afce44ceca146b800dc9a2acc696e", "last_reward": "tensor([1.0729e-06])", "level": "info", "partner_class": "scripted_heuristic", "pyproject_hash": "dc5fe28f424967492706d2b9004c172600330975c74dda3091f0730e2bef83fc", "run_id": "7b033577fce7de7b", "run_kind": "ego_aht_happo", "seed": 0, "step": 57344, "task": "stage1_pickplace"}
{"event": "safety_telemetry", "git_sha": "f7b34979eb9afce44ceca146b800dc9a2acc696e", "lambda_max": -7.0, "lambda_mean": -7.0, "lambda_min": -7.0, "lambda_var": 0.0, "level": "info", "n_braking_fires": 0, "n_fallback_fires": 0, "n_obs": 1024, "n_qp_infeasible": 0, "partner_class": "scripted_heuristic", "pyproject_hash": "dc5fe28f424967492706d2b9004c172600330975c74dda3091f0730e2bef83fc", "run_id": "7b033577fce7de7b", "run_kind": "ego_aht_happo", "seed": 0, "step": 58368, "task": "stage1_pickplace"}
{"event": "rollout_update", "git_sha": "f7b34979eb9afce44ceca146b800dc9a2acc696e", "last_reward": "tensor([2.1338e-06])", "level": "info", "partner_class": "scripted_heuristic", "pyproject_hash": "dc5fe28f424967492706d2b9004c172600330975c74dda3091f0730e2bef83fc", "run_id": "7b033577fce7de7b", "run_kind": "ego_aht_happo", "seed": 0, "step": 58368, "task": "stage1_pickplace"}
{"event": "safety_telemetry", "git_sha": "f7b34979eb9afce44ceca146b800dc9a2acc696e", "lambda_max": -7.0, "lambda_mean": -7.0, "lambda_min": -7.0, "lambda_var": 0.0, "level": "info", "n_braking_fires": 0, "n_fallback_fires": 0, "n_obs": 1024, "n_qp_infeasible": 0, "partner_class": "scripted_heuristic", "pyproject_hash": "dc5fe28f424967492706d2b9004c172600330975c74dda3091f0730e2bef83fc", "run_id": "7b033577fce7de7b", "run_kind": "ego_aht_happo", "seed": 0, "step": 59392, "task": "stage1_pickplace"}
{"event": "rollout_update", "git_sha": "f7b34979eb9afce44ceca146b800dc9a2acc696e", "last_reward": "tensor([6.7353e-06])", "level": "info", "partner_class": "scripted_heuristic", "pyproject_hash": "dc5fe28f424967492706d2b9004c172600330975c74dda3091f0730e2bef83fc", "run_id": "7b033577fce7de7b", "run_kind": "ego_aht_happo", "seed": 0, "step": 59392, "task": "stage1_pickplace"}
{"event": "checkpoint_saved", "git_sha": "f7b34979eb9afce44ceca146b800dc9a2acc696e", "level": "info", "partner_class": "scripted_heuristic", "path": "artifacts/artifacts/7b033577fce7de7b_step60000.pt", "pyproject_hash": "dc5fe28f424967492706d2b9004c172600330975c74dda3091f0730e2bef83fc", "run_id": "7b033577fce7de7b", "run_kind": "ego_aht_happo", "seed": 0, "step": 60000, "task": "stage1_pickplace"}
{"event": "safety_telemetry", "git_sha": "f7b34979eb9afce44ceca146b800dc9a2acc696e", "lambda_max": -7.0, "lambda_mean": -7.0, "lambda_min": -7.0, "lambda_var": 0.0, "level": "info", "n_braking_fires": 0, "n_fallback_fires": 0, "n_obs": 1024, "n_qp_infeasible": 0, "partner_class": "scripted_heuristic", "pyproject_hash": "dc5fe28f424967492706d2b9004c172600330975c74dda3091f0730e2bef83fc", "run_id": "7b033577fce7de7b", "run_kind": "ego_aht_happo", "seed": 0, "step": 60416, "task": "stage1_pickplace"}
{"event": "rollout_update", "git_sha": "f7b34979eb9afce44ceca146b800dc9a2acc696e", "last_reward": "tensor([6.6519e-06])", "level": "info", "partner_class": "scripted_heuristic", "pyproject_hash": "dc5fe28f424967492706d2b9004c172600330975c74dda3091f0730e2bef83fc", "run_id": "7b033577fce7de7b", "run_kind": "ego_aht_happo", "seed": 0, "step": 60416, "task": "stage1_pickplace"}
{"event": "safety_telemetry", "git_sha": "f7b34979eb9afce44ceca146b800dc9a2acc696e", "lambda_max": -7.0, "lambda_mean": -7.0, "lambda_min": -7.0, "lambda_var": 0.0, "level": "info", "n_braking_fires": 0, "n_fallback_fires": 0, "n_obs": 1024, "n_qp_infeasible": 0, "partner_class": "scripted_heuristic", "pyproject_hash": "dc5fe28f424967492706d2b9004c172600330975c74dda3091f0730e2bef83fc", "run_id": "7b033577fce7de7b", "run_kind": "ego_aht_happo", "seed": 0, "step": 61440, "task": "stage1_pickplace"}
{"event": "rollout_update", "git_sha": "f7b34979eb9afce44ceca146b800dc9a2acc696e", "last_reward": "tensor([3.7229e-05])", "level": "info", "partner_class": "scripted_heuristic", "pyproject_hash": "dc5fe28f424967492706d2b9004c172600330975c74dda3091f0730e2bef83fc", "run_id": "7b033577fce7de7b", "run_kind": "ego_aht_happo", "seed": 0, "step": 61440, "task": "stage1_pickplace"}
{"event": "safety_telemetry", "git_sha": "f7b34979eb9afce44ceca146b800dc9a2acc696e", "lambda_max": -7.0, "lambda_mean": -7.0, "lambda_min": -7.0, "lambda_var": 0.0, "level": "info", "n_braking_fires": 0, "n_fallback_fires": 0, "n_obs": 1024, "n_qp_infeasible": 0, "partner_class": "scripted_heuristic", "pyproject_hash": "dc5fe28f424967492706d2b9004c172600330975c74dda3091f0730e2bef83fc", "run_id": "7b033577fce7de7b", "run_kind": "ego_aht_happo", "seed": 0, "step": 62464, "task": "stage1_pickplace"}
{"event": "rollout_update", "git_sha": "f7b34979eb9afce44ceca146b800dc9a2acc696e", "last_reward": "tensor([0.0004])", "level": "info", "partner_class": "scripted_heuristic", "pyproject_hash": "dc5fe28f424967492706d2b9004c172600330975c74dda3091f0730e2bef83fc", "run_id": "7b033577fce7de7b", "run_kind": "ego_aht_happo", "seed": 0, "step": 62464, "task": "stage1_pickplace"}
{"event": "safety_telemetry", "git_sha": "f7b34979eb9afce44ceca146b800dc9a2acc696e", "lambda_max": -7.0, "lambda_mean": -7.0, "lambda_min": -7.0, "lambda_var": 0.0, "level": "info", "n_braking_fires": 0, "n_fallback_fires": 0, "n_obs": 1024, "n_qp_infeasible": 0, "partner_class": "scripted_heuristic", "pyproject_hash": "dc5fe28f424967492706d2b9004c172600330975c74dda3091f0730e2bef83fc", "run_id": "7b033577fce7de7b", "run_kind": "ego_aht_happo", "seed": 0, "step": 63488, "task": "stage1_pickplace"}
{"event": "rollout_update", "git_sha": "f7b34979eb9afce44ceca146b800dc9a2acc696e", "last_reward": "tensor([0.0006])", "level": "info", "partner_class": "scripted_heuristic", "pyproject_hash": "dc5fe28f424967492706d2b9004c172600330975c74dda3091f0730e2bef83fc", "run_id": "7b033577fce7de7b", "run_kind": "ego_aht_happo", "seed": 0, "step": 63488, "task": "stage1_pickplace"}
{"event": "safety_telemetry", "git_sha": "f7b34979eb9afce44ceca146b800dc9a2acc696e", "lambda_max": -7.0, "lambda_mean": -7.0, "lambda_min": -7.0, "lambda_var": 0.0, "level": "info", "n_braking_fires": 0, "n_fallback_fires": 0, "n_obs": 1024, "n_qp_infeasible": 0, "partner_class": "scripted_heuristic", "pyproject_hash": "dc5fe28f424967492706d2b9004c172600330975c74dda3091f0730e2bef83fc", "run_id": "7b033577fce7de7b", "run_kind": "ego_aht_happo", "seed": 0, "step": 64512, "task": "stage1_pickplace"}
{"event": "rollout_update", "git_sha": "f7b34979eb9afce44ceca146b800dc9a2acc696e", "last_reward": "tensor([0.0025])", "level": "info", "partner_class": "scripted_heuristic", "pyproject_hash": "dc5fe28f424967492706d2b9004c172600330975c74dda3091f0730e2bef83fc", "run_id": "7b033577fce7de7b", "run_kind": "ego_aht_happo", "seed": 0, "step": 64512, "task": "stage1_pickplace"}
{"event": "safety_telemetry", "git_sha": "f7b34979eb9afce44ceca146b800dc9a2acc696e", "lambda_max": -7.0, "lambda_mean": -7.0, "lambda_min": -7.0, "lambda_var": 0.0, "level": "info", "n_braking_fires": 0, "n_fallback_fires": 0, "n_obs": 1024, "n_qp_infeasible": 0, "partner_class": "scripted_heuristic", "pyproject_hash": "dc5fe28f424967492706d2b9004c172600330975c74dda3091f0730e2bef83fc", "run_id": "7b033577fce7de7b", "run_kind": "ego_aht_happo", "seed": 0, "step": 65536, "task": "stage1_pickplace"}
{"event": "rollout_update", "git_sha": "f7b34979eb9afce44ceca146b800dc9a2acc696e", "last_reward": "tensor([0.0046])", "level": "info", "partner_class": "scripted_heuristic", "pyproject_hash": "dc5fe28f424967492706d2b9004c172600330975c74dda3091f0730e2bef83fc", "run_id": "7b033577fce7de7b", "run_kind": "ego_aht_happo", "seed": 0, "step": 65536, "task": "stage1_pickplace"}
{"event": "safety_telemetry", "git_sha": "f7b34979eb9afce44ceca146b800dc9a2acc696e", "lambda_max": -7.0, "lambda_mean": -7.0, "lambda_min": -7.0, "lambda_var": 0.0, "level": "info", "n_braking_fires": 0, "n_fallback_fires": 0, "n_obs": 1024, "n_qp_infeasible": 0, "partner_class": "scripted_heuristic", "pyproject_hash": "dc5fe28f424967492706d2b9004c172600330975c74dda3091f0730e2bef83fc", "run_id": "7b033577fce7de7b", "run_kind": "ego_aht_happo", "seed": 0, "step": 66560, "task": "stage1_pickplace"}
{"event": "rollout_update", "git_sha": "f7b34979eb9afce44ceca146b800dc9a2acc696e", "last_reward": "tensor([0.0081])", "level": "info", "partner_class": "scripted_heuristic", "pyproject_hash": "dc5fe28f424967492706d2b9004c172600330975c74dda3091f0730e2bef83fc", "run_id": "7b033577fce7de7b", "run_kind": "ego_aht_happo", "seed": 0, "step": 66560, "task": "stage1_pickplace"}
{"event": "safety_telemetry", "git_sha": "f7b34979eb9afce44ceca146b800dc9a2acc696e", "lambda_max": -7.0, "lambda_mean": -7.0, "lambda_min": -7.0, "lambda_var": 0.0, "level": "info", "n_braking_fires": 0, "n_fallback_fires": 0, "n_obs": 1024, "n_qp_infeasible": 0, "partner_class": "scripted_heuristic", "pyproject_hash": "dc5fe28f424967492706d2b9004c172600330975c74dda3091f0730e2bef83fc", "run_id": "7b033577fce7de7b", "run_kind": "ego_aht_happo", "seed": 0, "step": 67584, "task": "stage1_pickplace"}
{"event": "rollout_update", "git_sha": "f7b34979eb9afce44ceca146b800dc9a2acc696e", "last_reward": "tensor([0.0091])", "level": "info", "partner_class": "scripted_heuristic", "pyproject_hash": "dc5fe28f424967492706d2b9004c172600330975c74dda3091f0730e2bef83fc", "run_id": "7b033577fce7de7b", "run_kind": "ego_aht_happo", "seed": 0, "step": 67584, "task": "stage1_pickplace"}
{"event": "safety_telemetry", "git_sha": "f7b34979eb9afce44ceca146b800dc9a2acc696e", "lambda_max": -7.0, "lambda_mean": -7.0, "lambda_min": -7.0, "lambda_var": 0.0, "level": "info", "n_braking_fires": 0, "n_fallback_fires": 0, "n_obs": 1024, "n_qp_infeasible": 0, "partner_class": "scripted_heuristic", "pyproject_hash": "dc5fe28f424967492706d2b9004c172600330975c74dda3091f0730e2bef83fc", "run_id": "7b033577fce7de7b", "run_kind": "ego_aht_happo", "seed": 0, "step": 68608, "task": "stage1_pickplace"}
{"event": "rollout_update", "git_sha": "f7b34979eb9afce44ceca146b800dc9a2acc696e", "last_reward": "tensor([0.0091])", "level": "info", "partner_class": "scripted_heuristic", "pyproject_hash": "dc5fe28f424967492706d2b9004c172600330975c74dda3091f0730e2bef83fc", "run_id": "7b033577fce7de7b", "run_kind": "ego_aht_happo", "seed": 0, "step": 68608, "task": "stage1_pickplace"}
{"event": "safety_telemetry", "git_sha": "f7b34979eb9afce44ceca146b800dc9a2acc696e", "lambda_max": -7.0, "lambda_mean": -7.0, "lambda_min": -7.0, "lambda_var": 0.0, "level": "info", "n_braking_fires": 0, "n_fallback_fires": 0, "n_obs": 1024, "n_qp_infeasible": 0, "partner_class": "scripted_heuristic", "pyproject_hash": "dc5fe28f424967492706d2b9004c172600330975c74dda3091f0730e2bef83fc", "run_id": "7b033577fce7de7b", "run_kind": "ego_aht_happo", "seed": 0, "step": 69632, "task": "stage1_pickplace"}
{"event": "rollout_update", "git_sha": "f7b34979eb9afce44ceca146b800dc9a2acc696e", "last_reward": "tensor([0.0098])", "level": "info", "partner_class": "scripted_heuristic", "pyproject_hash": "dc5fe28f424967492706d2b9004c172600330975c74dda3091f0730e2bef83fc", "run_id": "7b033577fce7de7b", "run_kind": "ego_aht_happo", "seed": 0, "step": 69632, "task": "stage1_pickplace"}
{"event": "checkpoint_saved", "git_sha": "f7b34979eb9afce44ceca146b800dc9a2acc696e", "level": "info", "partner_class": "scripted_heuristic", "path": "artifacts/artifacts/7b033577fce7de7b_step70000.pt", "pyproject_hash": "dc5fe28f424967492706d2b9004c172600330975c74dda3091f0730e2bef83fc", "run_id": "7b033577fce7de7b", "run_kind": "ego_aht_happo", "seed": 0, "step": 70000, "task": "stage1_pickplace"}
{"event": "safety_telemetry", "git_sha": "f7b34979eb9afce44ceca146b800dc9a2acc696e", "lambda_max": -7.0, "lambda_mean": -7.0, "lambda_min": -7.0, "lambda_var": 0.0, "level": "info", "n_braking_fires": 0, "n_fallback_fires": 0, "n_obs": 1024, "n_qp_infeasible": 0, "partner_class": "scripted_heuristic", "pyproject_hash": "dc5fe28f424967492706d2b9004c172600330975c74dda3091f0730e2bef83fc", "run_id": "7b033577fce7de7b", "run_kind": "ego_aht_happo", "seed": 0, "step": 70656, "task": "stage1_pickplace"}
{"event": "rollout_update", "git_sha": "f7b34979eb9afce44ceca146b800dc9a2acc696e", "last_reward": "tensor([0.0093])", "level": "info", "partner_class": "scripted_heuristic", "pyproject_hash": "dc5fe28f424967492706d2b9004c172600330975c74dda3091f0730e2bef83fc", "run_id": "7b033577fce7de7b", "run_kind": "ego_aht_happo", "seed": 0, "step": 70656, "task": "stage1_pickplace"}
{"event": "safety_telemetry", "git_sha": "f7b34979eb9afce44ceca146b800dc9a2acc696e", "lambda_max": -7.0, "lambda_mean": -7.0, "lambda_min": -7.0, "lambda_var": 0.0, "level": "info", "n_braking_fires": 0, "n_fallback_fires": 0, "n_obs": 1024, "n_qp_infeasible": 0, "partner_class": "scripted_heuristic", "pyproject_hash": "dc5fe28f424967492706d2b9004c172600330975c74dda3091f0730e2bef83fc", "run_id": "7b033577fce7de7b", "run_kind": "ego_aht_happo", "seed": 0, "step": 71680, "task": "stage1_pickplace"}
{"event": "rollout_update", "git_sha": "f7b34979eb9afce44ceca146b800dc9a2acc696e", "last_reward": "tensor([0.0101])", "level": "info", "partner_class": "scripted_heuristic", "pyproject_hash": "dc5fe28f424967492706d2b9004c172600330975c74dda3091f0730e2bef83fc", "run_id": "7b033577fce7de7b", "run_kind": "ego_aht_happo", "seed": 0, "step": 71680, "task": "stage1_pickplace"}
{"event": "safety_telemetry", "git_sha": "f7b34979eb9afce44ceca146b800dc9a2acc696e", "lambda_max": -7.0, "lambda_mean": -7.0, "lambda_min": -7.0, "lambda_var": 0.0, "level": "info", "n_braking_fires": 0, "n_fallback_fires": 0, "n_obs": 1024, "n_qp_infeasible": 0, "partner_class": "scripted_heuristic", "pyproject_hash": "dc5fe28f424967492706d2b9004c172600330975c74dda3091f0730e2bef83fc", "run_id": "7b033577fce7de7b", "run_kind": "ego_aht_happo", "seed": 0, "step": 72704, "task": "stage1_pickplace"}
{"event": "rollout_update", "git_sha": "f7b34979eb9afce44ceca146b800dc9a2acc696e", "last_reward": "tensor([0.0103])", "level": "info", "partner_class": "scripted_heuristic", "pyproject_hash": "dc5fe28f424967492706d2b9004c172600330975c74dda3091f0730e2bef83fc", "run_id": "7b033577fce7de7b", "run_kind": "ego_aht_happo", "seed": 0, "step": 72704, "task": "stage1_pickplace"}
{"event": "safety_telemetry", "git_sha": "f7b34979eb9afce44ceca146b800dc9a2acc696e", "lambda_max": -7.0, "lambda_mean": -7.0, "lambda_min": -7.0, "lambda_var": 0.0, "level": "info", "n_braking_fires": 0, "n_fallback_fires": 0, "n_obs": 1024, "n_qp_infeasible": 0, "partner_class": "scripted_heuristic", "pyproject_hash": "dc5fe28f424967492706d2b9004c172600330975c74dda3091f0730e2bef83fc", "run_id": "7b033577fce7de7b", "run_kind": "ego_aht_happo", "seed": 0, "step": 73728, "task": "stage1_pickplace"}
{"event": "rollout_update", "git_sha": "f7b34979eb9afce44ceca146b800dc9a2acc696e", "last_reward": "tensor([0.0103])", "level": "info", "partner_class": "scripted_heuristic", "pyproject_hash": "dc5fe28f424967492706d2b9004c172600330975c74dda3091f0730e2bef83fc", "run_id": "7b033577fce7de7b", "run_kind": "ego_aht_happo", "seed": 0, "step": 73728, "task": "stage1_pickplace"}
{"event": "safety_telemetry", "git_sha": "f7b34979eb9afce44ceca146b800dc9a2acc696e", "lambda_max": -7.0, "lambda_mean": -7.0, "lambda_min": -7.0, "lambda_var": 0.0, "level": "info", "n_braking_fires": 0, "n_fallback_fires": 0, "n_obs": 1024, "n_qp_infeasible": 0, "partner_class": "scripted_heuristic", "pyproject_hash": "dc5fe28f424967492706d2b9004c172600330975c74dda3091f0730e2bef83fc", "run_id": "7b033577fce7de7b", "run_kind": "ego_aht_happo", "seed": 0, "step": 74752, "task": "stage1_pickplace"}
{"event": "rollout_update", "git_sha": "f7b34979eb9afce44ceca146b800dc9a2acc696e", "last_reward": "tensor([0.0183])", "level": "info", "partner_class": "scripted_heuristic", "pyproject_hash": "dc5fe28f424967492706d2b9004c172600330975c74dda3091f0730e2bef83fc", "run_id": "7b033577fce7de7b", "run_kind": "ego_aht_happo", "seed": 0, "step": 74752, "task": "stage1_pickplace"}
{"event": "safety_telemetry", "git_sha": "f7b34979eb9afce44ceca146b800dc9a2acc696e", "lambda_max": -7.0, "lambda_mean": -7.0, "lambda_min": -7.0, "lambda_var": 0.0, "level": "info", "n_braking_fires": 0, "n_fallback_fires": 0, "n_obs": 1024, "n_qp_infeasible": 0, "partner_class": "scripted_heuristic", "pyproject_hash": "dc5fe28f424967492706d2b9004c172600330975c74dda3091f0730e2bef83fc", "run_id": "7b033577fce7de7b", "run_kind": "ego_aht_happo", "seed": 0, "step": 75776, "task": "stage1_pickplace"}
{"event": "rollout_update", "git_sha": "f7b34979eb9afce44ceca146b800dc9a2acc696e", "last_reward": "tensor([0.0198])", "level": "info", "partner_class": "scripted_heuristic", "pyproject_hash": "dc5fe28f424967492706d2b9004c172600330975c74dda3091f0730e2bef83fc", "run_id": "7b033577fce7de7b", "run_kind": "ego_aht_happo", "seed": 0, "step": 75776, "task": "stage1_pickplace"}
{"event": "safety_telemetry", "git_sha": "f7b34979eb9afce44ceca146b800dc9a2acc696e", "lambda_max": -7.0, "lambda_mean": -7.0, "lambda_min": -7.0, "lambda_var": 0.0, "level": "info", "n_braking_fires": 0, "n_fallback_fires": 0, "n_obs": 1024, "n_qp_infeasible": 0, "partner_class": "scripted_heuristic", "pyproject_hash": "dc5fe28f424967492706d2b9004c172600330975c74dda3091f0730e2bef83fc", "run_id": "7b033577fce7de7b", "run_kind": "ego_aht_happo", "seed": 0, "step": 76800, "task": "stage1_pickplace"}
{"event": "rollout_update", "git_sha": "f7b34979eb9afce44ceca146b800dc9a2acc696e", "last_reward": "tensor([0.0198])", "level": "info", "partner_class": "scripted_heuristic", "pyproject_hash": "dc5fe28f424967492706d2b9004c172600330975c74dda3091f0730e2bef83fc", "run_id": "7b033577fce7de7b", "run_kind": "ego_aht_happo", "seed": 0, "step": 76800, "task": "stage1_pickplace"}
{"event": "safety_telemetry", "git_sha": "f7b34979eb9afce44ceca146b800dc9a2acc696e", "lambda_max": -7.0, "lambda_mean": -7.0, "lambda_min": -7.0, "lambda_var": 0.0, "level": "info", "n_braking_fires": 0, "n_fallback_fires": 0, "n_obs": 1024, "n_qp_infeasible": 0, "partner_class": "scripted_heuristic", "pyproject_hash": "dc5fe28f424967492706d2b9004c172600330975c74dda3091f0730e2bef83fc", "run_id": "7b033577fce7de7b", "run_kind": "ego_aht_happo", "seed": 0, "step": 77824, "task": "stage1_pickplace"}
{"event": "rollout_update", "git_sha": "f7b34979eb9afce44ceca146b800dc9a2acc696e", "last_reward": "tensor([0.0197])", "level": "info", "partner_class": "scripted_heuristic", "pyproject_hash": "dc5fe28f424967492706d2b9004c172600330975c74dda3091f0730e2bef83fc", "run_id": "7b033577fce7de7b", "run_kind": "ego_aht_happo", "seed": 0, "step": 77824, "task": "stage1_pickplace"}
{"event": "safety_telemetry", "git_sha": "f7b34979eb9afce44ceca146b800dc9a2acc696e", "lambda_max": -7.0, "lambda_mean": -7.0, "lambda_min": -7.0, "lambda_var": 0.0, "level": "info", "n_braking_fires": 0, "n_fallback_fires": 0, "n_obs": 1024, "n_qp_infeasible": 0, "partner_class": "scripted_heuristic", "pyproject_hash": "dc5fe28f424967492706d2b9004c172600330975c74dda3091f0730e2bef83fc", "run_id": "7b033577fce7de7b", "run_kind": "ego_aht_happo", "seed": 0, "step": 78848, "task": "stage1_pickplace"}
{"event": "rollout_update", "git_sha": "f7b34979eb9afce44ceca146b800dc9a2acc696e", "last_reward": "tensor([0.0202])", "level": "info", "partner_class": "scripted_heuristic", "pyproject_hash": "dc5fe28f424967492706d2b9004c172600330975c74dda3091f0730e2bef83fc", "run_id": "7b033577fce7de7b", "run_kind": "ego_aht_happo", "seed": 0, "step": 78848, "task": "stage1_pickplace"}
{"event": "safety_telemetry", "git_sha": "f7b34979eb9afce44ceca146b800dc9a2acc696e", "lambda_max": -7.0, "lambda_mean": -7.0, "lambda_min": -7.0, "lambda_var": 0.0, "level": "info", "n_braking_fires": 0, "n_fallback_fires": 0, "n_obs": 1024, "n_qp_infeasible": 0, "partner_class": "scripted_heuristic", "pyproject_hash": "dc5fe28f424967492706d2b9004c172600330975c74dda3091f0730e2bef83fc", "run_id": "7b033577fce7de7b", "run_kind": "ego_aht_happo", "seed": 0, "step": 79872, "task": "stage1_pickplace"}
{"event": "rollout_update", "git_sha": "f7b34979eb9afce44ceca146b800dc9a2acc696e", "last_reward": "tensor([0.0191])", "level": "info", "partner_class": "scripted_heuristic", "pyproject_hash": "dc5fe28f424967492706d2b9004c172600330975c74dda3091f0730e2bef83fc", "run_id": "7b033577fce7de7b", "run_kind": "ego_aht_happo", "seed": 0, "step": 79872, "task": "stage1_pickplace"}
{"event": "checkpoint_saved", "git_sha": "f7b34979eb9afce44ceca146b800dc9a2acc696e", "level": "info", "partner_class": "scripted_heuristic", "path": "artifacts/artifacts/7b033577fce7de7b_step80000.pt", "pyproject_hash": "dc5fe28f424967492706d2b9004c172600330975c74dda3091f0730e2bef83fc", "run_id": "7b033577fce7de7b", "run_kind": "ego_aht_happo", "seed": 0, "step": 80000, "task": "stage1_pickplace"}
{"event": "safety_telemetry", "git_sha": "f7b34979eb9afce44ceca146b800dc9a2acc696e", "lambda_max": -7.0, "lambda_mean": -7.0, "lambda_min": -7.0, "lambda_var": 0.0, "level": "info", "n_braking_fires": 0, "n_fallback_fires": 0, "n_obs": 1024, "n_qp_infeasible": 0, "partner_class": "scripted_heuristic", "pyproject_hash": "dc5fe28f424967492706d2b9004c172600330975c74dda3091f0730e2bef83fc", "run_id": "7b033577fce7de7b", "run_kind": "ego_aht_happo", "seed": 0, "step": 80896, "task": "stage1_pickplace"}
{"event": "rollout_update", "git_sha": "f7b34979eb9afce44ceca146b800dc9a2acc696e", "last_reward": "tensor([0.0200])", "level": "info", "partner_class": "scripted_heuristic", "pyproject_hash": "dc5fe28f424967492706d2b9004c172600330975c74dda3091f0730e2bef83fc", "run_id": "7b033577fce7de7b", "run_kind": "ego_aht_happo", "seed": 0, "step": 80896, "task": "stage1_pickplace"}
{"event": "safety_telemetry", "git_sha": "f7b34979eb9afce44ceca146b800dc9a2acc696e", "lambda_max": -7.0, "lambda_mean": -7.0, "lambda_min": -7.0, "lambda_var": 0.0, "level": "info", "n_braking_fires": 0, "n_fallback_fires": 0, "n_obs": 1024, "n_qp_infeasible": 0, "partner_class": "scripted_heuristic", "pyproject_hash": "dc5fe28f424967492706d2b9004c172600330975c74dda3091f0730e2bef83fc", "run_id": "7b033577fce7de7b", "run_kind": "ego_aht_happo", "seed": 0, "step": 81920, "task": "stage1_pickplace"}
{"event": "rollout_update", "git_sha": "f7b34979eb9afce44ceca146b800dc9a2acc696e", "last_reward": "tensor([0.0201])", "level": "info", "partner_class": "scripted_heuristic", "pyproject_hash": "dc5fe28f424967492706d2b9004c172600330975c74dda3091f0730e2bef83fc", "run_id": "7b033577fce7de7b", "run_kind": "ego_aht_happo", "seed": 0, "step": 81920, "task": "stage1_pickplace"}
{"event": "safety_telemetry", "git_sha": "f7b34979eb9afce44ceca146b800dc9a2acc696e", "lambda_max": -7.0, "lambda_mean": -7.0, "lambda_min": -7.0, "lambda_var": 0.0, "level": "info", "n_braking_fires": 0, "n_fallback_fires": 0, "n_obs": 1024, "n_qp_infeasible": 0, "partner_class": "scripted_heuristic", "pyproject_hash": "dc5fe28f424967492706d2b9004c172600330975c74dda3091f0730e2bef83fc", "run_id": "7b033577fce7de7b", "run_kind": "ego_aht_happo", "seed": 0, "step": 82944, "task": "stage1_pickplace"}
{"event": "rollout_update", "git_sha": "f7b34979eb9afce44ceca146b800dc9a2acc696e", "last_reward": "tensor([0.0203])", "level": "info", "partner_class": "scripted_heuristic", "pyproject_hash": "dc5fe28f424967492706d2b9004c172600330975c74dda3091f0730e2bef83fc", "run_id": "7b033577fce7de7b", "run_kind": "ego_aht_happo", "seed": 0, "step": 82944, "task": "stage1_pickplace"}
{"event": "safety_telemetry", "git_sha": "f7b34979eb9afce44ceca146b800dc9a2acc696e", "lambda_max": -7.0, "lambda_mean": -7.0, "lambda_min": -7.0, "lambda_var": 0.0, "level": "info", "n_braking_fires": 0, "n_fallback_fires": 0, "n_obs": 1024, "n_qp_infeasible": 0, "partner_class": "scripted_heuristic", "pyproject_hash": "dc5fe28f424967492706d2b9004c172600330975c74dda3091f0730e2bef83fc", "run_id": "7b033577fce7de7b", "run_kind": "ego_aht_happo", "seed": 0, "step": 83968, "task": "stage1_pickplace"}
{"event": "rollout_update", "git_sha": "f7b34979eb9afce44ceca146b800dc9a2acc696e", "last_reward": "tensor([0.0190])", "level": "info", "partner_class": "scripted_heuristic", "pyproject_hash": "dc5fe28f424967492706d2b9004c172600330975c74dda3091f0730e2bef83fc", "run_id": "7b033577fce7de7b", "run_kind": "ego_aht_happo", "seed": 0, "step": 83968, "task": "stage1_pickplace"}
{"event": "safety_telemetry", "git_sha": "f7b34979eb9afce44ceca146b800dc9a2acc696e", "lambda_max": -7.0, "lambda_mean": -7.0, "lambda_min": -7.0, "lambda_var": 0.0, "level": "info", "n_braking_fires": 0, "n_fallback_fires": 0, "n_obs": 1024, "n_qp_infeasible": 0, "partner_class": "scripted_heuristic", "pyproject_hash": "dc5fe28f424967492706d2b9004c172600330975c74dda3091f0730e2bef83fc", "run_id": "7b033577fce7de7b", "run_kind": "ego_aht_happo", "seed": 0, "step": 84992, "task": "stage1_pickplace"}
{"event": "rollout_update", "git_sha": "f7b34979eb9afce44ceca146b800dc9a2acc696e", "last_reward": "tensor([0.0202])", "level": "info", "partner_class": "scripted_heuristic", "pyproject_hash": "dc5fe28f424967492706d2b9004c172600330975c74dda3091f0730e2bef83fc", "run_id": "7b033577fce7de7b", "run_kind": "ego_aht_happo", "seed": 0, "step": 84992, "task": "stage1_pickplace"}
{"event": "safety_telemetry", "git_sha": "f7b34979eb9afce44ceca146b800dc9a2acc696e", "lambda_max": -7.0, "lambda_mean": -7.0, "lambda_min": -7.0, "lambda_var": 0.0, "level": "info", "n_braking_fires": 0, "n_fallback_fires": 0, "n_obs": 1024, "n_qp_infeasible": 0, "partner_class": "scripted_heuristic", "pyproject_hash": "dc5fe28f424967492706d2b9004c172600330975c74dda3091f0730e2bef83fc", "run_id": "7b033577fce7de7b", "run_kind": "ego_aht_happo", "seed": 0, "step": 86016, "task": "stage1_pickplace"}
{"event": "rollout_update", "git_sha": "f7b34979eb9afce44ceca146b800dc9a2acc696e", "last_reward": "tensor([0.0201])", "level": "info", "partner_class": "scripted_heuristic", "pyproject_hash": "dc5fe28f424967492706d2b9004c172600330975c74dda3091f0730e2bef83fc", "run_id": "7b033577fce7de7b", "run_kind": "ego_aht_happo", "seed": 0, "step": 86016, "task": "stage1_pickplace"}
{"event": "safety_telemetry", "git_sha": "f7b34979eb9afce44ceca146b800dc9a2acc696e", "lambda_max": -7.0, "lambda_mean": -7.0, "lambda_min": -7.0, "lambda_var": 0.0, "level": "info", "n_braking_fires": 0, "n_fallback_fires": 0, "n_obs": 1024, "n_qp_infeasible": 0, "partner_class": "scripted_heuristic", "pyproject_hash": "dc5fe28f424967492706d2b9004c172600330975c74dda3091f0730e2bef83fc", "run_id": "7b033577fce7de7b", "run_kind": "ego_aht_happo", "seed": 0, "step": 87040, "task": "stage1_pickplace"}
{"event": "rollout_update", "git_sha": "f7b34979eb9afce44ceca146b800dc9a2acc696e", "last_reward": "tensor([0.0202])", "level": "info", "partner_class": "scripted_heuristic", "pyproject_hash": "dc5fe28f424967492706d2b9004c172600330975c74dda3091f0730e2bef83fc", "run_id": "7b033577fce7de7b", "run_kind": "ego_aht_happo", "seed": 0, "step": 87040, "task": "stage1_pickplace"}
{"event": "safety_telemetry", "git_sha": "f7b34979eb9afce44ceca146b800dc9a2acc696e", "lambda_max": -7.0, "lambda_mean": -7.0, "lambda_min": -7.0, "lambda_var": 0.0, "level": "info", "n_braking_fires": 0, "n_fallback_fires": 0, "n_obs": 1024, "n_qp_infeasible": 0, "partner_class": "scripted_heuristic", "pyproject_hash": "dc5fe28f424967492706d2b9004c172600330975c74dda3091f0730e2bef83fc", "run_id": "7b033577fce7de7b", "run_kind": "ego_aht_happo", "seed": 0, "step": 88064, "task": "stage1_pickplace"}
{"event": "rollout_update", "git_sha": "f7b34979eb9afce44ceca146b800dc9a2acc696e", "last_reward": "tensor([0.0202])", "level": "info", "partner_class": "scripted_heuristic", "pyproject_hash": "dc5fe28f424967492706d2b9004c172600330975c74dda3091f0730e2bef83fc", "run_id": "7b033577fce7de7b", "run_kind": "ego_aht_happo", "seed": 0, "step": 88064, "task": "stage1_pickplace"}
{"event": "safety_telemetry", "git_sha": "f7b34979eb9afce44ceca146b800dc9a2acc696e", "lambda_max": -7.0, "lambda_mean": -7.0, "lambda_min": -7.0, "lambda_var": 0.0, "level": "info", "n_braking_fires": 0, "n_fallback_fires": 0, "n_obs": 1024, "n_qp_infeasible": 0, "partner_class": "scripted_heuristic", "pyproject_hash": "dc5fe28f424967492706d2b9004c172600330975c74dda3091f0730e2bef83fc", "run_id": "7b033577fce7de7b", "run_kind": "ego_aht_happo", "seed": 0, "step": 89088, "task": "stage1_pickplace"}
{"event": "rollout_update", "git_sha": "f7b34979eb9afce44ceca146b800dc9a2acc696e", "last_reward": "tensor([0.0201])", "level": "info", "partner_class": "scripted_heuristic", "pyproject_hash": "dc5fe28f424967492706d2b9004c172600330975c74dda3091f0730e2bef83fc", "run_id": "7b033577fce7de7b", "run_kind": "ego_aht_happo", "seed": 0, "step": 89088, "task": "stage1_pickplace"}
{"event": "checkpoint_saved", "git_sha": "f7b34979eb9afce44ceca146b800dc9a2acc696e", "level": "info", "partner_class": "scripted_heuristic", "path": "artifacts/artifacts/7b033577fce7de7b_step90000.pt", "pyproject_hash": "dc5fe28f424967492706d2b9004c172600330975c74dda3091f0730e2bef83fc", "run_id": "7b033577fce7de7b", "run_kind": "ego_aht_happo", "seed": 0, "step": 90000, "task": "stage1_pickplace"}
{"event": "safety_telemetry", "git_sha": "f7b34979eb9afce44ceca146b800dc9a2acc696e", "lambda_max": -7.0, "lambda_mean": -7.0, "lambda_min": -7.0, "lambda_var": 0.0, "level": "info", "n_braking_fires": 0, "n_fallback_fires": 0, "n_obs": 1024, "n_qp_infeasible": 0, "partner_class": "scripted_heuristic", "pyproject_hash": "dc5fe28f424967492706d2b9004c172600330975c74dda3091f0730e2bef83fc", "run_id": "7b033577fce7de7b", "run_kind": "ego_aht_happo", "seed": 0, "step": 90112, "task": "stage1_pickplace"}
{"event": "rollout_update", "git_sha": "f7b34979eb9afce44ceca146b800dc9a2acc696e", "last_reward": "tensor([0.0203])", "level": "info", "partner_class": "scripted_heuristic", "pyproject_hash": "dc5fe28f424967492706d2b9004c172600330975c74dda3091f0730e2bef83fc", "run_id": "7b033577fce7de7b", "run_kind": "ego_aht_happo", "seed": 0, "step": 90112, "task": "stage1_pickplace"}
{"event": "safety_telemetry", "git_sha": "f7b34979eb9afce44ceca146b800dc9a2acc696e", "lambda_max": -7.0, "lambda_mean": -7.0, "lambda_min": -7.0, "lambda_var": 0.0, "level": "info", "n_braking_fires": 0, "n_fallback_fires": 0, "n_obs": 1024, "n_qp_infeasible": 0, "partner_class": "scripted_heuristic", "pyproject_hash": "dc5fe28f424967492706d2b9004c172600330975c74dda3091f0730e2bef83fc", "run_id": "7b033577fce7de7b", "run_kind": "ego_aht_happo", "seed": 0, "step": 91136, "task": "stage1_pickplace"}
{"event": "rollout_update", "git_sha": "f7b34979eb9afce44ceca146b800dc9a2acc696e", "last_reward": "tensor([0.0202])", "level": "info", "partner_class": "scripted_heuristic", "pyproject_hash": "dc5fe28f424967492706d2b9004c172600330975c74dda3091f0730e2bef83fc", "run_id": "7b033577fce7de7b", "run_kind": "ego_aht_happo", "seed": 0, "step": 91136, "task": "stage1_pickplace"}
{"event": "safety_telemetry", "git_sha": "f7b34979eb9afce44ceca146b800dc9a2acc696e", "lambda_max": -7.0, "lambda_mean": -7.0, "lambda_min": -7.0, "lambda_var": 0.0, "level": "info", "n_braking_fires": 0, "n_fallback_fires": 0, "n_obs": 1024, "n_qp_infeasible": 0, "partner_class": "scripted_heuristic", "pyproject_hash": "dc5fe28f424967492706d2b9004c172600330975c74dda3091f0730e2bef83fc", "run_id": "7b033577fce7de7b", "run_kind": "ego_aht_happo", "seed": 0, "step": 92160, "task": "stage1_pickplace"}
{"event": "rollout_update", "git_sha": "f7b34979eb9afce44ceca146b800dc9a2acc696e", "last_reward": "tensor([0.0202])", "level": "info", "partner_class": "scripted_heuristic", "pyproject_hash": "dc5fe28f424967492706d2b9004c172600330975c74dda3091f0730e2bef83fc", "run_id": "7b033577fce7de7b", "run_kind": "ego_aht_happo", "seed": 0, "step": 92160, "task": "stage1_pickplace"}
{"event": "safety_telemetry", "git_sha": "f7b34979eb9afce44ceca146b800dc9a2acc696e", "lambda_max": -7.0, "lambda_mean": -7.0, "lambda_min": -7.0, "lambda_var": 0.0, "level": "info", "n_braking_fires": 0, "n_fallback_fires": 0, "n_obs": 1024, "n_qp_infeasible": 0, "partner_class": "scripted_heuristic", "pyproject_hash": "dc5fe28f424967492706d2b9004c172600330975c74dda3091f0730e2bef83fc", "run_id": "7b033577fce7de7b", "run_kind": "ego_aht_happo", "seed": 0, "step": 93184, "task": "stage1_pickplace"}
{"event": "rollout_update", "git_sha": "f7b34979eb9afce44ceca146b800dc9a2acc696e", "last_reward": "tensor([0.0203])", "level": "info", "partner_class": "scripted_heuristic", "pyproject_hash": "dc5fe28f424967492706d2b9004c172600330975c74dda3091f0730e2bef83fc", "run_id": "7b033577fce7de7b", "run_kind": "ego_aht_happo", "seed": 0, "step": 93184, "task": "stage1_pickplace"}
{"event": "safety_telemetry", "git_sha": "f7b34979eb9afce44ceca146b800dc9a2acc696e", "lambda_max": -7.0, "lambda_mean": -7.0, "lambda_min": -7.0, "lambda_var": 0.0, "level": "info", "n_braking_fires": 0, "n_fallback_fires": 0, "n_obs": 1024, "n_qp_infeasible": 0, "partner_class": "scripted_heuristic", "pyproject_hash": "dc5fe28f424967492706d2b9004c172600330975c74dda3091f0730e2bef83fc", "run_id": "7b033577fce7de7b", "run_kind": "ego_aht_happo", "seed": 0, "step": 94208, "task": "stage1_pickplace"}
{"event": "rollout_update", "git_sha": "f7b34979eb9afce44ceca146b800dc9a2acc696e", "last_reward": "tensor([0.0203])", "level": "info", "partner_class": "scripted_heuristic", "pyproject_hash": "dc5fe28f424967492706d2b9004c172600330975c74dda3091f0730e2bef83fc", "run_id": "7b033577fce7de7b", "run_kind": "ego_aht_happo", "seed": 0, "step": 94208, "task": "stage1_pickplace"}
{"event": "safety_telemetry", "git_sha": "f7b34979eb9afce44ceca146b800dc9a2acc696e", "lambda_max": -7.0, "lambda_mean": -7.0, "lambda_min": -7.0, "lambda_var": 0.0, "level": "info", "n_braking_fires": 0, "n_fallback_fires": 0, "n_obs": 1024, "n_qp_infeasible": 0, "partner_class": "scripted_heuristic", "pyproject_hash": "dc5fe28f424967492706d2b9004c172600330975c74dda3091f0730e2bef83fc", "run_id": "7b033577fce7de7b", "run_kind": "ego_aht_happo", "seed": 0, "step": 95232, "task": "stage1_pickplace"}
{"event": "rollout_update", "git_sha": "f7b34979eb9afce44ceca146b800dc9a2acc696e", "last_reward": "tensor([0.0200])", "level": "info", "partner_class": "scripted_heuristic", "pyproject_hash": "dc5fe28f424967492706d2b9004c172600330975c74dda3091f0730e2bef83fc", "run_id": "7b033577fce7de7b", "run_kind": "ego_aht_happo", "seed": 0, "step": 95232, "task": "stage1_pickplace"}
{"event": "safety_telemetry", "git_sha": "f7b34979eb9afce44ceca146b800dc9a2acc696e", "lambda_max": -7.0, "lambda_mean": -7.0, "lambda_min": -7.0, "lambda_var": 0.0, "level": "info", "n_braking_fires": 0, "n_fallback_fires": 0, "n_obs": 1024, "n_qp_infeasible": 0, "partner_class": "scripted_heuristic", "pyproject_hash": "dc5fe28f424967492706d2b9004c172600330975c74dda3091f0730e2bef83fc", "run_id": "7b033577fce7de7b", "run_kind": "ego_aht_happo", "seed": 0, "step": 96256, "task": "stage1_pickplace"}
{"event": "rollout_update", "git_sha": "f7b34979eb9afce44ceca146b800dc9a2acc696e", "last_reward": "tensor([0.0204])", "level": "info", "partner_class": "scripted_heuristic", "pyproject_hash": "dc5fe28f424967492706d2b9004c172600330975c74dda3091f0730e2bef83fc", "run_id": "7b033577fce7de7b", "run_kind": "ego_aht_happo", "seed": 0, "step": 96256, "task": "stage1_pickplace"}
{"event": "safety_telemetry", "git_sha": "f7b34979eb9afce44ceca146b800dc9a2acc696e", "lambda_max": -7.0, "lambda_mean": -7.0, "lambda_min": -7.0, "lambda_var": 0.0, "level": "info", "n_braking_fires": 0, "n_fallback_fires": 0, "n_obs": 1024, "n_qp_infeasible": 0, "partner_class": "scripted_heuristic", "pyproject_hash": "dc5fe28f424967492706d2b9004c172600330975c74dda3091f0730e2bef83fc", "run_id": "7b033577fce7de7b", "run_kind": "ego_aht_happo", "seed": 0, "step": 97280, "task": "stage1_pickplace"}
{"event": "rollout_update", "git_sha": "f7b34979eb9afce44ceca146b800dc9a2acc696e", "last_reward": "tensor([0.0203])", "level": "info", "partner_class": "scripted_heuristic", "pyproject_hash": "dc5fe28f424967492706d2b9004c172600330975c74dda3091f0730e2bef83fc", "run_id": "7b033577fce7de7b", "run_kind": "ego_aht_happo", "seed": 0, "step": 97280, "task": "stage1_pickplace"}
{"event": "safety_telemetry", "git_sha": "f7b34979eb9afce44ceca146b800dc9a2acc696e", "lambda_max": -7.0, "lambda_mean": -7.0, "lambda_min": -7.0, "lambda_var": 0.0, "level": "info", "n_braking_fires": 0, "n_fallback_fires": 0, "n_obs": 1024, "n_qp_infeasible": 0, "partner_class": "scripted_heuristic", "pyproject_hash": "dc5fe28f424967492706d2b9004c172600330975c74dda3091f0730e2bef83fc", "run_id": "7b033577fce7de7b", "run_kind": "ego_aht_happo", "seed": 0, "step": 98304, "task": "stage1_pickplace"}
{"event": "rollout_update", "git_sha": "f7b34979eb9afce44ceca146b800dc9a2acc696e", "last_reward": "tensor([0.0203])", "level": "info", "partner_class": "scripted_heuristic", "pyproject_hash": "dc5fe28f424967492706d2b9004c172600330975c74dda3091f0730e2bef83fc", "run_id": "7b033577fce7de7b", "run_kind": "ego_aht_happo", "seed": 0, "step": 98304, "task": "stage1_pickplace"}
{"event": "safety_telemetry", "git_sha": "f7b34979eb9afce44ceca146b800dc9a2acc696e", "lambda_max": -7.0, "lambda_mean": -7.0, "lambda_min": -7.0, "lambda_var": 0.0, "level": "info", "n_braking_fires": 0, "n_fallback_fires": 0, "n_obs": 1024, "n_qp_infeasible": 0, "partner_class": "scripted_heuristic", "pyproject_hash": "dc5fe28f424967492706d2b9004c172600330975c74dda3091f0730e2bef83fc", "run_id": "7b033577fce7de7b", "run_kind": "ego_aht_happo", "seed": 0, "step": 99328, "task": "stage1_pickplace"}
{"event": "rollout_update", "git_sha": "f7b34979eb9afce44ceca146b800dc9a2acc696e", "last_reward": "tensor([0.0203])", "level": "info", "partner_class": "scripted_heuristic", "pyproject_hash": "dc5fe28f424967492706d2b9004c172600330975c74dda3091f0730e2bef83fc", "run_id": "7b033577fce7de7b", "run_kind": "ego_aht_happo", "seed": 0, "step": 99328, "task": "stage1_pickplace"}
{"event": "checkpoint_saved", "git_sha": "f7b34979eb9afce44ceca146b800dc9a2acc696e", "level": "info", "partner_class": "scripted_heuristic", "path": "artifacts/artifacts/7b033577fce7de7b_step100000.pt", "pyproject_hash": "dc5fe28f424967492706d2b9004c172600330975c74dda3091f0730e2bef83fc", "run_id": "7b033577fce7de7b", "run_kind": "ego_aht_happo", "seed": 0, "step": 100000, "task": "stage1_pickplace"}
{"braking_fire_rate": 0.0, "cartesian_accel_capacity": 10.0, "event": "safety_telemetry_final", "git_sha": "f7b34979eb9afce44ceca146b800dc9a2acc696e", "lambda_clamp_bound": 7.0, "lambda_max_observed": 0.0, "lambda_mean": -6.511710312499984, "lambda_min_observed": -7.0, "lambda_steady_state": -7.0, "lambda_var": 2.0363003614092605, "level": "info", "n_braking_fires": 0, "n_fallback_fires": 0, "n_filter_calls": 100000, "n_qp_infeasible": 0, "partner_class": "scripted_heuristic", "predictor_kind": "constant_velocity", "pyproject_hash": "dc5fe28f424967492706d2b9004c172600330975c74dda3091f0730e2bef83fc", "run_id": "7b033577fce7de7b", "run_kind": "ego_aht_happo", "safety_enabled": true, "saturated": false, "saturation_threshold": 0.9, "seed": 0, "task": "stage1_pickplace"}
{"event": "training_end", "git_sha": "f7b34979eb9afce44ceca146b800dc9a2acc696e", "level": "info", "n_checkpoints": 10, "n_episodes": 1, "partner_class": "scripted_heuristic", "pyproject_hash": "dc5fe28f424967492706d2b9004c172600330975c74dda3091f0730e2bef83fc", "run_id": "7b033577fce7de7b", "run_kind": "ego_aht_happo", "seed": 0, "task": "stage1_pickplace"}
Training done in 48.4 min

Eval: 20 episodes, partner_action_dim=13
  ep 00: success=False  term=false  trunc=false  mean_reward=0.0000  n_steps=50
  ep 01: success=False  term=false  trunc=false  mean_reward=0.0000  n_steps=50
  ep 02: success=False  term=false  trunc=false  mean_reward=0.0000  n_steps=50
  ep 03: success=False  term=false  trunc=false  mean_reward=0.0000  n_steps=50
  ep 04: success=False  term=false  trunc=false  mean_reward=0.0000  n_steps=50
  ep 05: success=False  term=false  trunc=false  mean_reward=0.0016  n_steps=50
  ep 06: success=False  term=false  trunc=false  mean_reward=0.0085  n_steps=50
  ep 07: success=False  term=false  trunc=false  mean_reward=0.0325  n_steps=50
  ep 08: success=False  term=false  trunc=false  mean_reward=0.0445  n_steps=50
  ep 09: success=False  term=false  trunc=false  mean_reward=0.0600  n_steps=50
  ep 10: success=False  term=false  trunc=false  mean_reward=0.0385  n_steps=50
  ep 11: success=False  term=false  trunc=false  mean_reward=0.0516  n_steps=50
  ep 12: success=False  term=false  trunc=false  mean_reward=0.0719  n_steps=50
  ep 13: success=False  term=false  trunc=false  mean_reward=0.0421  n_steps=50
  ep 14: success=False  term=false  trunc=false  mean_reward=0.0394  n_steps=50
  ep 15: success=False  term=false  trunc=false  mean_reward=0.0434  n_steps=50
  ep 16: success=False  term=false  trunc=false  mean_reward=0.0329  n_steps=50
  ep 17: success=False  term=false  trunc=false  mean_reward=0.0239  n_steps=50
  ep 18: success=False  term=false  trunc=false  mean_reward=0.0380  n_steps=50
  ep 19: success=False  term=false  trunc=false  mean_reward=0.0320  n_steps=50

========================================================================
P1.05.8 SMOKE RESULT
========================================================================
Condition: stage1_pickplace_panda_plus_fetch_ego_aht_happo_per_agent
Episodes: 20
Success rate: 0/20 = 0.0%
n_terminated: 0; n_truncated: 0
mean_reward: min=0.0000  max=0.0719  avg=0.0280

Total wallclock: 48.6 min

Wrote SpikeRun to .local/p1_05_8_as_hetero_smoke.json

Decision rule:
  success_rate ~0 AND mean_reward in failed-launch plateau range — widening alone is insufficient. Re-open investigation.
