[truncation-validation] training 1000000 frames (bridge OFF, seed=2, episode_length=100) ...
{"checkpoint_every": 50000, "event": "training_start", "git_sha": "dca03adbbfa03b6539de8df85f07a125b71dc300", "level": "info", "partner_class": "scripted_heuristic", "pyproject_hash": "c12f9b7d0b6e104471029c5d182e45b747f521f6b874e68296fff287adcc8e78", "run_id": "93d0b85c9ceeb804", "run_kind": "ego_aht_happo", "seed": 2, "task": "stage1_pickplace", "total_frames": 1000000}
{"event": "checkpoint_saved", "git_sha": "dca03adbbfa03b6539de8df85f07a125b71dc300", "level": "info", "partner_class": "scripted_heuristic", "path": "artifacts/artifacts/93d0b85c9ceeb804_step50000.pt", "pyproject_hash": "c12f9b7d0b6e104471029c5d182e45b747f521f6b874e68296fff287adcc8e78", "run_id": "93d0b85c9ceeb804", "run_kind": "ego_aht_happo", "seed": 2, "step": 50000, "task": "stage1_pickplace"}
{"event": "checkpoint_saved", "git_sha": "dca03adbbfa03b6539de8df85f07a125b71dc300", "level": "info", "partner_class": "scripted_heuristic", "path": "artifacts/artifacts/93d0b85c9ceeb804_step100000.pt", "pyproject_hash": "c12f9b7d0b6e104471029c5d182e45b747f521f6b874e68296fff287adcc8e78", "run_id": "93d0b85c9ceeb804", "run_kind": "ego_aht_happo", "seed": 2, "step": 100000, "task": "stage1_pickplace"}
{"event": "checkpoint_saved", "git_sha": "dca03adbbfa03b6539de8df85f07a125b71dc300", "level": "info", "partner_class": "scripted_heuristic", "path": "artifacts/artifacts/93d0b85c9ceeb804_step150000.pt", "pyproject_hash": "c12f9b7d0b6e104471029c5d182e45b747f521f6b874e68296fff287adcc8e78", "run_id": "93d0b85c9ceeb804", "run_kind": "ego_aht_happo", "seed": 2, "step": 150000, "task": "stage1_pickplace"}
{"event": "checkpoint_saved", "git_sha": "dca03adbbfa03b6539de8df85f07a125b71dc300", "level": "info", "partner_class": "scripted_heuristic", "path": "artifacts/artifacts/93d0b85c9ceeb804_step200000.pt", "pyproject_hash": "c12f9b7d0b6e104471029c5d182e45b747f521f6b874e68296fff287adcc8e78", "run_id": "93d0b85c9ceeb804", "run_kind": "ego_aht_happo", "seed": 2, "step": 200000, "task": "stage1_pickplace"}
{"event": "checkpoint_saved", "git_sha": "dca03adbbfa03b6539de8df85f07a125b71dc300", "level": "info", "partner_class": "scripted_heuristic", "path": "artifacts/artifacts/93d0b85c9ceeb804_step250000.pt", "pyproject_hash": "c12f9b7d0b6e104471029c5d182e45b747f521f6b874e68296fff287adcc8e78", "run_id": "93d0b85c9ceeb804", "run_kind": "ego_aht_happo", "seed": 2, "step": 250000, "task": "stage1_pickplace"}
{"event": "checkpoint_saved", "git_sha": "dca03adbbfa03b6539de8df85f07a125b71dc300", "level": "info", "partner_class": "scripted_heuristic", "path": "artifacts/artifacts/93d0b85c9ceeb804_step300000.pt", "pyproject_hash": "c12f9b7d0b6e104471029c5d182e45b747f521f6b874e68296fff287adcc8e78", "run_id": "93d0b85c9ceeb804", "run_kind": "ego_aht_happo", "seed": 2, "step": 300000, "task": "stage1_pickplace"}
{"event": "checkpoint_saved", "git_sha": "dca03adbbfa03b6539de8df85f07a125b71dc300", "level": "info", "partner_class": "scripted_heuristic", "path": "artifacts/artifacts/93d0b85c9ceeb804_step350000.pt", "pyproject_hash": "c12f9b7d0b6e104471029c5d182e45b747f521f6b874e68296fff287adcc8e78", "run_id": "93d0b85c9ceeb804", "run_kind": "ego_aht_happo", "seed": 2, "step": 350000, "task": "stage1_pickplace"}
{"event": "checkpoint_saved", "git_sha": "dca03adbbfa03b6539de8df85f07a125b71dc300", "level": "info", "partner_class": "scripted_heuristic", "path": "artifacts/artifacts/93d0b85c9ceeb804_step400000.pt", "pyproject_hash": "c12f9b7d0b6e104471029c5d182e45b747f521f6b874e68296fff287adcc8e78", "run_id": "93d0b85c9ceeb804", "run_kind": "ego_aht_happo", "seed": 2, "step": 400000, "task": "stage1_pickplace"}
{"event": "checkpoint_saved", "git_sha": "dca03adbbfa03b6539de8df85f07a125b71dc300", "level": "info", "partner_class": "scripted_heuristic", "path": "artifacts/artifacts/93d0b85c9ceeb804_step450000.pt", "pyproject_hash": "c12f9b7d0b6e104471029c5d182e45b747f521f6b874e68296fff287adcc8e78", "run_id": "93d0b85c9ceeb804", "run_kind": "ego_aht_happo", "seed": 2, "step": 450000, "task": "stage1_pickplace"}
{"event": "checkpoint_saved", "git_sha": "dca03adbbfa03b6539de8df85f07a125b71dc300", "level": "info", "partner_class": "scripted_heuristic", "path": "artifacts/artifacts/93d0b85c9ceeb804_step500000.pt", "pyproject_hash": "c12f9b7d0b6e104471029c5d182e45b747f521f6b874e68296fff287adcc8e78", "run_id": "93d0b85c9ceeb804", "run_kind": "ego_aht_happo", "seed": 2, "step": 500000, "task": "stage1_pickplace"}
{"event": "checkpoint_saved", "git_sha": "dca03adbbfa03b6539de8df85f07a125b71dc300", "level": "info", "partner_class": "scripted_heuristic", "path": "artifacts/artifacts/93d0b85c9ceeb804_step550000.pt", "pyproject_hash": "c12f9b7d0b6e104471029c5d182e45b747f521f6b874e68296fff287adcc8e78", "run_id": "93d0b85c9ceeb804", "run_kind": "ego_aht_happo", "seed": 2, "step": 550000, "task": "stage1_pickplace"}
{"event": "checkpoint_saved", "git_sha": "dca03adbbfa03b6539de8df85f07a125b71dc300", "level": "info", "partner_class": "scripted_heuristic", "path": "artifacts/artifacts/93d0b85c9ceeb804_step600000.pt", "pyproject_hash": "c12f9b7d0b6e104471029c5d182e45b747f521f6b874e68296fff287adcc8e78", "run_id": "93d0b85c9ceeb804", "run_kind": "ego_aht_happo", "seed": 2, "step": 600000, "task": "stage1_pickplace"}
{"event": "checkpoint_saved", "git_sha": "dca03adbbfa03b6539de8df85f07a125b71dc300", "level": "info", "partner_class": "scripted_heuristic", "path": "artifacts/artifacts/93d0b85c9ceeb804_step650000.pt", "pyproject_hash": "c12f9b7d0b6e104471029c5d182e45b747f521f6b874e68296fff287adcc8e78", "run_id": "93d0b85c9ceeb804", "run_kind": "ego_aht_happo", "seed": 2, "step": 650000, "task": "stage1_pickplace"}
{"event": "checkpoint_saved", "git_sha": "dca03adbbfa03b6539de8df85f07a125b71dc300", "level": "info", "partner_class": "scripted_heuristic", "path": "artifacts/artifacts/93d0b85c9ceeb804_step700000.pt", "pyproject_hash": "c12f9b7d0b6e104471029c5d182e45b747f521f6b874e68296fff287adcc8e78", "run_id": "93d0b85c9ceeb804", "run_kind": "ego_aht_happo", "seed": 2, "step": 700000, "task": "stage1_pickplace"}
{"event": "checkpoint_saved", "git_sha": "dca03adbbfa03b6539de8df85f07a125b71dc300", "level": "info", "partner_class": "scripted_heuristic", "path": "artifacts/artifacts/93d0b85c9ceeb804_step750000.pt", "pyproject_hash": "c12f9b7d0b6e104471029c5d182e45b747f521f6b874e68296fff287adcc8e78", "run_id": "93d0b85c9ceeb804", "run_kind": "ego_aht_happo", "seed": 2, "step": 750000, "task": "stage1_pickplace"}
{"event": "checkpoint_saved", "git_sha": "dca03adbbfa03b6539de8df85f07a125b71dc300", "level": "info", "partner_class": "scripted_heuristic", "path": "artifacts/artifacts/93d0b85c9ceeb804_step800000.pt", "pyproject_hash": "c12f9b7d0b6e104471029c5d182e45b747f521f6b874e68296fff287adcc8e78", "run_id": "93d0b85c9ceeb804", "run_kind": "ego_aht_happo", "seed": 2, "step": 800000, "task": "stage1_pickplace"}
{"event": "checkpoint_saved", "git_sha": "dca03adbbfa03b6539de8df85f07a125b71dc300", "level": "info", "partner_class": "scripted_heuristic", "path": "artifacts/artifacts/93d0b85c9ceeb804_step850000.pt", "pyproject_hash": "c12f9b7d0b6e104471029c5d182e45b747f521f6b874e68296fff287adcc8e78", "run_id": "93d0b85c9ceeb804", "run_kind": "ego_aht_happo", "seed": 2, "step": 850000, "task": "stage1_pickplace"}
{"event": "checkpoint_saved", "git_sha": "dca03adbbfa03b6539de8df85f07a125b71dc300", "level": "info", "partner_class": "scripted_heuristic", "path": "artifacts/artifacts/93d0b85c9ceeb804_step900000.pt", "pyproject_hash": "c12f9b7d0b6e104471029c5d182e45b747f521f6b874e68296fff287adcc8e78", "run_id": "93d0b85c9ceeb804", "run_kind": "ego_aht_happo", "seed": 2, "step": 900000, "task": "stage1_pickplace"}
{"event": "checkpoint_saved", "git_sha": "dca03adbbfa03b6539de8df85f07a125b71dc300", "level": "info", "partner_class": "scripted_heuristic", "path": "artifacts/artifacts/93d0b85c9ceeb804_step950000.pt", "pyproject_hash": "c12f9b7d0b6e104471029c5d182e45b747f521f6b874e68296fff287adcc8e78", "run_id": "93d0b85c9ceeb804", "run_kind": "ego_aht_happo", "seed": 2, "step": 950000, "task": "stage1_pickplace"}
{"event": "checkpoint_saved", "git_sha": "dca03adbbfa03b6539de8df85f07a125b71dc300", "level": "info", "partner_class": "scripted_heuristic", "path": "artifacts/artifacts/93d0b85c9ceeb804_step1000000.pt", "pyproject_hash": "c12f9b7d0b6e104471029c5d182e45b747f521f6b874e68296fff287adcc8e78", "run_id": "93d0b85c9ceeb804", "run_kind": "ego_aht_happo", "seed": 2, "step": 1000000, "task": "stage1_pickplace"}
{"braking_fire_rate": 0.0, "cartesian_accel_capacity": 10.0, "event": "safety_telemetry_final", "git_sha": "dca03adbbfa03b6539de8df85f07a125b71dc300", "lambda_clamp_bound": 7.0, "lambda_max_observed": 0.0, "lambda_mean": -6.950669838249998, "lambda_min_observed": -7.0, "lambda_steady_state": -7.0, "lambda_var": 0.22737851426904143, "level": "info", "n_braking_fires": 0, "n_fallback_fires": 0, "n_filter_calls": 1000000, "n_qp_infeasible": 0, "partner_class": "scripted_heuristic", "predictor_kind": "constant_velocity", "pyproject_hash": "c12f9b7d0b6e104471029c5d182e45b747f521f6b874e68296fff287adcc8e78", "run_id": "93d0b85c9ceeb804", "run_kind": "ego_aht_happo", "safety_enabled": true, "saturated": false, "saturation_threshold": 0.9, "seed": 2, "task": "stage1_pickplace"}
{"event": "training_end", "git_sha": "dca03adbbfa03b6539de8df85f07a125b71dc300", "level": "info", "n_checkpoints": 20, "n_episodes": 10098, "partner_class": "scripted_heuristic", "pyproject_hash": "c12f9b7d0b6e104471029c5d182e45b747f521f6b874e68296fff287adcc8e78", "run_id": "93d0b85c9ceeb804", "run_kind": "ego_aht_happo", "seed": 2, "task": "stage1_pickplace"}
[truncation-validation] training done; extracting JSONL signature ...

========================================================================
TRUNCATION-FIX VALIDATION — signature vs broken-MDP baseline
========================================================================
  metric                     baseline(broken)   this run (fixed)
  value_mean (final)                    14.74 14.347125053405762
  advantage_std (final)                0.0013 0.16803131997585297
  grasp_rate (max window)                 0.0       0.0341796875
  episodes in run (resets): 10098  (>1 confirms truncation resets fired)
  eval ever_grasped: 0/10

  results -> .local/experiment_analyses/TRUNCATION_VALIDATION_RESULTS_2026-06-06.json
